{"C:\\Users\\BelPharm33\\Desktop\\Иван\\мой файлы\\react\\react_22_07\\react\\start_react\\src\\App.tsx": {"path":"C:\\Users\\BelPharm33\\Desktop\\Иван\\мой файлы\\react\\react_22_07\\react\\start_react\\src\\App.tsx","all":false,"statementMap":{"0":{"start":{"line":1,"column":0},"end":{"line":1,"column":55}},"1":{"start":{"line":2,"column":0},"end":{"line":2,"column":65}},"2":{"start":{"line":3,"column":0},"end":{"line":3,"column":45}},"3":{"start":{"line":4,"column":0},"end":{"line":4,"column":26}},"4":{"start":{"line":5,"column":0},"end":{"line":5,"column":45}},"5":{"start":{"line":6,"column":0},"end":{"line":6,"column":39}},"6":{"start":{"line":7,"column":0},"end":{"line":7,"column":52}},"7":{"start":{"line":8,"column":0},"end":{"line":8,"column":57}},"8":{"start":{"line":9,"column":0},"end":{"line":9,"column":67}},"9":{"start":{"line":10,"column":0},"end":{"line":10,"column":54}},"10":{"start":{"line":11,"column":0},"end":{"line":11,"column":57}},"12":{"start":{"line":13,"column":0},"end":{"line":13,"column":35}},"13":{"start":{"line":14,"column":0},"end":{"line":14,"column":76}},"14":{"start":{"line":15,"column":0},"end":{"line":15,"column":64}},"15":{"start":{"line":16,"column":0},"end":{"line":16,"column":22}},"16":{"start":{"line":17,"column":0},"end":{"line":17,"column":10}},"18":{"start":{"line":19,"column":0},"end":{"line":19,"column":56}},"19":{"start":{"line":20,"column":0},"end":{"line":20,"column":49}},"20":{"start":{"line":21,"column":0},"end":{"line":21,"column":67}},"21":{"start":{"line":22,"column":0},"end":{"line":22,"column":34}},"23":{"start":{"line":24,"column":0},"end":{"line":24,"column":57}},"24":{"start":{"line":25,"column":0},"end":{"line":25,"column":36}},"25":{"start":{"line":26,"column":0},"end":{"line":26,"column":19}},"26":{"start":{"line":27,"column":0},"end":{"line":27,"column":6}},"27":{"start":{"line":28,"column":0},"end":{"line":28,"column":22}},"29":{"start":{"line":30,"column":0},"end":{"line":30,"column":30}},"30":{"start":{"line":31,"column":0},"end":{"line":31,"column":65}},"31":{"start":{"line":32,"column":0},"end":{"line":32,"column":49}},"32":{"start":{"line":33,"column":0},"end":{"line":33,"column":47}},"33":{"start":{"line":34,"column":0},"end":{"line":34,"column":9}},"36":{"start":{"line":37,"column":0},"end":{"line":37,"column":18}},"37":{"start":{"line":38,"column":0},"end":{"line":38,"column":36}},"38":{"start":{"line":39,"column":0},"end":{"line":39,"column":5}},"40":{"start":{"line":41,"column":0},"end":{"line":41,"column":21}},"41":{"start":{"line":42,"column":0},"end":{"line":42,"column":20}},"42":{"start":{"line":43,"column":0},"end":{"line":43,"column":21}},"43":{"start":{"line":44,"column":0},"end":{"line":44,"column":25}},"44":{"start":{"line":45,"column":0},"end":{"line":45,"column":36}},"45":{"start":{"line":46,"column":0},"end":{"line":46,"column":34}},"46":{"start":{"line":47,"column":0},"end":{"line":47,"column":43}},"47":{"start":{"line":48,"column":0},"end":{"line":48,"column":18}},"49":{"start":{"line":50,"column":0},"end":{"line":50,"column":76}},"50":{"start":{"line":51,"column":0},"end":{"line":51,"column":9}},"51":{"start":{"line":52,"column":0},"end":{"line":52,"column":15}},"53":{"start":{"line":54,"column":0},"end":{"line":54,"column":21}},"54":{"start":{"line":55,"column":0},"end":{"line":55,"column":20}},"55":{"start":{"line":56,"column":0},"end":{"line":56,"column":33}},"56":{"start":{"line":57,"column":0},"end":{"line":57,"column":9}},"57":{"start":{"line":58,"column":0},"end":{"line":58,"column":15}},"58":{"start":{"line":59,"column":0},"end":{"line":59,"column":12}},"59":{"start":{"line":60,"column":0},"end":{"line":60,"column":37}},"60":{"start":{"line":61,"column":0},"end":{"line":61,"column":41}},"61":{"start":{"line":62,"column":0},"end":{"line":62,"column":16}},"62":{"start":{"line":63,"column":0},"end":{"line":63,"column":27}},"63":{"start":{"line":64,"column":0},"end":{"line":64,"column":30}},"64":{"start":{"line":65,"column":0},"end":{"line":65,"column":60}},"65":{"start":{"line":66,"column":0},"end":{"line":66,"column":41}},"68":{"start":{"line":69,"column":0},"end":{"line":69,"column":22}},"69":{"start":{"line":70,"column":0},"end":{"line":70,"column":50}},"70":{"start":{"line":71,"column":0},"end":{"line":71,"column":39}},"71":{"start":{"line":72,"column":0},"end":{"line":72,"column":38}},"72":{"start":{"line":73,"column":0},"end":{"line":73,"column":54}},"73":{"start":{"line":74,"column":0},"end":{"line":74,"column":22}},"75":{"start":{"line":76,"column":0},"end":{"line":76,"column":43}},"76":{"start":{"line":77,"column":0},"end":{"line":77,"column":27}},"77":{"start":{"line":78,"column":0},"end":{"line":78,"column":35}},"78":{"start":{"line":79,"column":0},"end":{"line":79,"column":80}},"80":{"start":{"line":81,"column":0},"end":{"line":81,"column":40}},"81":{"start":{"line":82,"column":0},"end":{"line":82,"column":58}},"82":{"start":{"line":83,"column":0},"end":{"line":83,"column":26}},"83":{"start":{"line":84,"column":0},"end":{"line":84,"column":21}},"87":{"start":{"line":88,"column":0},"end":{"line":88,"column":23}},"88":{"start":{"line":89,"column":0},"end":{"line":89,"column":31}},"89":{"start":{"line":90,"column":0},"end":{"line":90,"column":34}},"90":{"start":{"line":91,"column":0},"end":{"line":91,"column":52}},"91":{"start":{"line":92,"column":0},"end":{"line":92,"column":58}},"93":{"start":{"line":94,"column":0},"end":{"line":94,"column":52}},"94":{"start":{"line":95,"column":0},"end":{"line":95,"column":17}},"97":{"start":{"line":98,"column":0},"end":{"line":98,"column":20}},"98":{"start":{"line":99,"column":0},"end":{"line":99,"column":31}},"99":{"start":{"line":100,"column":0},"end":{"line":100,"column":74}},"101":{"start":{"line":102,"column":0},"end":{"line":102,"column":52}},"104":{"start":{"line":105,"column":0},"end":{"line":105,"column":26}},"105":{"start":{"line":106,"column":0},"end":{"line":106,"column":80}},"108":{"start":{"line":109,"column":0},"end":{"line":109,"column":1}}},"s":{"0":1,"1":1,"2":1,"3":1,"4":1,"5":1,"6":1,"7":1,"8":1,"9":1,"10":1,"12":1,"13":25,"14":25,"15":25,"16":25,"18":25,"19":25,"20":25,"21":25,"23":25,"24":25,"25":25,"26":25,"27":25,"29":25,"30":25,"31":45,"32":45,"33":45,"36":25,"37":0,"38":0,"40":24,"41":8,"42":2,"43":2,"44":2,"45":2,"46":2,"47":2,"49":2,"50":2,"51":24,"53":24,"54":9,"55":6,"56":6,"57":24,"58":24,"59":24,"60":24,"61":24,"62":24,"63":24,"64":1,"65":23,"68":25,"69":25,"70":25,"71":25,"72":2,"73":2,"75":25,"76":25,"77":25,"78":25,"80":25,"81":1,"82":1,"83":25,"87":25,"88":25,"89":25,"90":1,"91":23,"93":25,"94":25,"97":25,"98":25,"99":25,"101":25,"104":25,"105":25,"108":25},"branchMap":{"0":{"type":"branch","line":13,"loc":{"start":{"line":13,"column":7},"end":{"line":109,"column":1}},"locations":[{"start":{"line":13,"column":7},"end":{"line":109,"column":1}}]},"1":{"type":"branch","line":37,"loc":{"start":{"line":37,"column":17},"end":{"line":39,"column":5}},"locations":[{"start":{"line":37,"column":17},"end":{"line":39,"column":5}}]},"2":{"type":"branch","line":39,"loc":{"start":{"line":39,"column":4},"end":{"line":64,"column":30}},"locations":[{"start":{"line":39,"column":4},"end":{"line":64,"column":30}}]},"3":{"type":"branch","line":64,"loc":{"start":{"line":64,"column":20},"end":{"line":65,"column":60}},"locations":[{"start":{"line":64,"column":20},"end":{"line":65,"column":60}}]},"4":{"type":"branch","line":65,"loc":{"start":{"line":65,"column":26},"end":{"line":66,"column":41}},"locations":[{"start":{"line":65,"column":26},"end":{"line":66,"column":41}}]},"5":{"type":"branch","line":79,"loc":{"start":{"line":79,"column":28},"end":{"line":79,"column":56}},"locations":[{"start":{"line":79,"column":28},"end":{"line":79,"column":56}}]},"6":{"type":"branch","line":79,"loc":{"start":{"line":79,"column":41},"end":{"line":79,"column":80}},"locations":[{"start":{"line":79,"column":41},"end":{"line":79,"column":80}}]},"7":{"type":"branch","line":90,"loc":{"start":{"line":90,"column":24},"end":{"line":91,"column":52}},"locations":[{"start":{"line":90,"column":24},"end":{"line":91,"column":52}}]},"8":{"type":"branch","line":91,"loc":{"start":{"line":91,"column":30},"end":{"line":92,"column":58}},"locations":[{"start":{"line":91,"column":30},"end":{"line":92,"column":58}}]},"9":{"type":"branch","line":100,"loc":{"start":{"line":100,"column":24},"end":{"line":100,"column":62}},"locations":[{"start":{"line":100,"column":24},"end":{"line":100,"column":62}}]},"10":{"type":"branch","line":100,"loc":{"start":{"line":100,"column":37},"end":{"line":100,"column":74}},"locations":[{"start":{"line":100,"column":37},"end":{"line":100,"column":74}}]},"11":{"type":"branch","line":31,"loc":{"start":{"line":31,"column":8},"end":{"line":34,"column":9}},"locations":[{"start":{"line":31,"column":8},"end":{"line":34,"column":9}}]},"12":{"type":"branch","line":41,"loc":{"start":{"line":41,"column":14},"end":{"line":52,"column":7}},"locations":[{"start":{"line":41,"column":14},"end":{"line":52,"column":7}}]},"13":{"type":"branch","line":42,"loc":{"start":{"line":42,"column":19},"end":{"line":51,"column":9}},"locations":[{"start":{"line":42,"column":19},"end":{"line":51,"column":9}}]},"14":{"type":"branch","line":54,"loc":{"start":{"line":54,"column":14},"end":{"line":58,"column":7}},"locations":[{"start":{"line":54,"column":14},"end":{"line":58,"column":7}}]},"15":{"type":"branch","line":55,"loc":{"start":{"line":55,"column":19},"end":{"line":57,"column":9}},"locations":[{"start":{"line":55,"column":19},"end":{"line":57,"column":9}}]},"16":{"type":"branch","line":72,"loc":{"start":{"line":72,"column":30},"end":{"line":74,"column":22}},"locations":[{"start":{"line":72,"column":30},"end":{"line":74,"column":22}}]},"17":{"type":"branch","line":81,"loc":{"start":{"line":81,"column":33},"end":{"line":83,"column":26}},"locations":[{"start":{"line":81,"column":33},"end":{"line":83,"column":26}}]},"18":{"type":"branch","line":102,"loc":{"start":{"line":102,"column":29},"end":{"line":102,"column":52}},"locations":[{"start":{"line":102,"column":29},"end":{"line":102,"column":52}}]}},"b":{"0":[25],"1":[0],"2":[24],"3":[1],"4":[23],"5":[1],"6":[23],"7":[1],"8":[23],"9":[1],"10":[23],"11":[45],"12":[8],"13":[2],"14":[9],"15":[6],"16":[2],"17":[1],"18":[1]},"fnMap":{"0":{"name":"App","decl":{"start":{"line":13,"column":7},"end":{"line":109,"column":1}},"loc":{"start":{"line":13,"column":7},"end":{"line":109,"column":1}},"line":13},"1":{"name":"onChange","decl":{"start":{"line":72,"column":30},"end":{"line":74,"column":22}},"loc":{"start":{"line":72,"column":30},"end":{"line":74,"column":22}},"line":72},"2":{"name":"onClick","decl":{"start":{"line":81,"column":33},"end":{"line":83,"column":26}},"loc":{"start":{"line":81,"column":33},"end":{"line":83,"column":26}},"line":81},"3":{"name":"onClick","decl":{"start":{"line":94,"column":29},"end":{"line":94,"column":52}},"loc":{"start":{"line":94,"column":29},"end":{"line":94,"column":52}},"line":94},"4":{"name":"onClick","decl":{"start":{"line":102,"column":29},"end":{"line":102,"column":52}},"loc":{"start":{"line":102,"column":29},"end":{"line":102,"column":52}},"line":102}},"f":{"0":25,"1":2,"2":1,"3":0,"4":1}}
,"C:\\Users\\BelPharm33\\Desktop\\Иван\\мой файлы\\react\\react_22_07\\react\\start_react\\src\\detailSelected.tsx": {"path":"C:\\Users\\BelPharm33\\Desktop\\Иван\\мой файлы\\react\\react_22_07\\react\\start_react\\src\\detailSelected.tsx","all":false,"statementMap":{"0":{"start":{"line":1,"column":0},"end":{"line":1,"column":26}},"1":{"start":{"line":2,"column":0},"end":{"line":2,"column":54}},"2":{"start":{"line":3,"column":0},"end":{"line":3,"column":56}},"3":{"start":{"line":4,"column":0},"end":{"line":4,"column":49}},"4":{"start":{"line":5,"column":0},"end":{"line":5,"column":34}},"5":{"start":{"line":6,"column":0},"end":{"line":6,"column":57}},"7":{"start":{"line":8,"column":0},"end":{"line":8,"column":34}},"8":{"start":{"line":9,"column":0},"end":{"line":9,"column":51}},"9":{"start":{"line":10,"column":0},"end":{"line":10,"column":34}},"10":{"start":{"line":11,"column":0},"end":{"line":11,"column":30}},"11":{"start":{"line":12,"column":0},"end":{"line":12,"column":17}},"14":{"start":{"line":15,"column":0},"end":{"line":15,"column":32}},"15":{"start":{"line":16,"column":0},"end":{"line":16,"column":9}},"17":{"start":{"line":18,"column":0},"end":{"line":18,"column":42}},"18":{"start":{"line":19,"column":0},"end":{"line":19,"column":16}},"19":{"start":{"line":20,"column":0},"end":{"line":20,"column":16}},"20":{"start":{"line":21,"column":0},"end":{"line":21,"column":27}},"21":{"start":{"line":22,"column":0},"end":{"line":22,"column":30}},"22":{"start":{"line":23,"column":0},"end":{"line":23,"column":50}},"23":{"start":{"line":24,"column":0},"end":{"line":24,"column":62}},"26":{"start":{"line":27,"column":0},"end":{"line":27,"column":70}},"27":{"start":{"line":28,"column":0},"end":{"line":28,"column":56}},"28":{"start":{"line":29,"column":0},"end":{"line":29,"column":49}},"30":{"start":{"line":31,"column":0},"end":{"line":31,"column":45}},"31":{"start":{"line":32,"column":0},"end":{"line":32,"column":27}},"32":{"start":{"line":33,"column":0},"end":{"line":33,"column":40}},"33":{"start":{"line":34,"column":0},"end":{"line":34,"column":51}},"34":{"start":{"line":35,"column":0},"end":{"line":35,"column":26}},"35":{"start":{"line":36,"column":0},"end":{"line":36,"column":21}},"38":{"start":{"line":39,"column":0},"end":{"line":39,"column":27}},"39":{"start":{"line":40,"column":0},"end":{"line":40,"column":40}},"40":{"start":{"line":41,"column":0},"end":{"line":41,"column":57}},"41":{"start":{"line":42,"column":0},"end":{"line":42,"column":26}},"42":{"start":{"line":43,"column":0},"end":{"line":43,"column":21}},"48":{"start":{"line":49,"column":0},"end":{"line":49,"column":12}},"49":{"start":{"line":50,"column":0},"end":{"line":50,"column":16}},"50":{"start":{"line":51,"column":0},"end":{"line":51,"column":16}},"51":{"start":{"line":52,"column":0},"end":{"line":52,"column":27}},"52":{"start":{"line":53,"column":0},"end":{"line":53,"column":30}},"53":{"start":{"line":54,"column":0},"end":{"line":54,"column":56}},"54":{"start":{"line":55,"column":0},"end":{"line":55,"column":68}},"58":{"start":{"line":59,"column":0},"end":{"line":59,"column":5}},"59":{"start":{"line":60,"column":0},"end":{"line":60,"column":1}}},"s":{"0":1,"1":1,"2":1,"3":1,"4":1,"5":1,"7":1,"8":18,"9":18,"10":18,"11":18,"14":27,"15":27,"17":18,"18":5,"19":5,"20":5,"21":5,"22":1,"23":4,"26":5,"27":5,"28":5,"30":5,"31":5,"32":5,"33":0,"34":0,"35":5,"38":5,"39":5,"40":1,"41":1,"42":5,"48":18,"49":13,"50":13,"51":13,"52":13,"53":0,"54":13,"58":13,"59":18},"branchMap":{"0":{"type":"branch","line":8,"loc":{"start":{"line":8,"column":7},"end":{"line":60,"column":1}},"locations":[{"start":{"line":8,"column":7},"end":{"line":60,"column":1}}]},"1":{"type":"branch","line":18,"loc":{"start":{"line":18,"column":41},"end":{"line":49,"column":11}},"locations":[{"start":{"line":18,"column":41},"end":{"line":49,"column":11}}]},"2":{"type":"branch","line":22,"loc":{"start":{"line":22,"column":20},"end":{"line":23,"column":50}},"locations":[{"start":{"line":22,"column":20},"end":{"line":23,"column":50}}]},"3":{"type":"branch","line":23,"loc":{"start":{"line":23,"column":26},"end":{"line":24,"column":62}},"locations":[{"start":{"line":23,"column":26},"end":{"line":24,"column":62}}]},"4":{"type":"branch","line":49,"loc":{"start":{"line":49,"column":4},"end":{"line":59,"column":5}},"locations":[{"start":{"line":49,"column":4},"end":{"line":59,"column":5}}]},"5":{"type":"branch","line":53,"loc":{"start":{"line":53,"column":20},"end":{"line":54,"column":56}},"locations":[{"start":{"line":53,"column":20},"end":{"line":54,"column":56}}]},"6":{"type":"branch","line":12,"loc":{"start":{"line":12,"column":8},"end":{"line":16,"column":9}},"locations":[{"start":{"line":12,"column":8},"end":{"line":16,"column":9}}]},"7":{"type":"branch","line":40,"loc":{"start":{"line":40,"column":33},"end":{"line":42,"column":26}},"locations":[{"start":{"line":40,"column":33},"end":{"line":42,"column":26}}]}},"b":{"0":[18],"1":[5],"2":[1],"3":[4],"4":[13],"5":[0],"6":[27],"7":[1]},"fnMap":{"0":{"name":"DetailSelected","decl":{"start":{"line":8,"column":7},"end":{"line":60,"column":1}},"loc":{"start":{"line":8,"column":7},"end":{"line":60,"column":1}},"line":8},"1":{"name":"onClick","decl":{"start":{"line":33,"column":33},"end":{"line":35,"column":26}},"loc":{"start":{"line":33,"column":33},"end":{"line":35,"column":26}},"line":33},"2":{"name":"onClick","decl":{"start":{"line":40,"column":33},"end":{"line":42,"column":26}},"loc":{"start":{"line":40,"column":33},"end":{"line":42,"column":26}},"line":40}},"f":{"0":18,"1":0,"2":1}}
,"C:\\Users\\BelPharm33\\Desktop\\Иван\\мой файлы\\react\\react_22_07\\react\\start_react\\src\\detailsElement.tsx": {"path":"C:\\Users\\BelPharm33\\Desktop\\Иван\\мой файлы\\react\\react_22_07\\react\\start_react\\src\\detailsElement.tsx","all":false,"statementMap":{"0":{"start":{"line":1,"column":0},"end":{"line":1,"column":26}},"1":{"start":{"line":2,"column":0},"end":{"line":2,"column":39}},"2":{"start":{"line":3,"column":0},"end":{"line":3,"column":55}},"3":{"start":{"line":4,"column":0},"end":{"line":4,"column":57}},"4":{"start":{"line":5,"column":0},"end":{"line":5,"column":41}},"6":{"start":{"line":7,"column":0},"end":{"line":7,"column":34}},"7":{"start":{"line":8,"column":0},"end":{"line":8,"column":33}},"8":{"start":{"line":9,"column":0},"end":{"line":9,"column":80}},"9":{"start":{"line":10,"column":0},"end":{"line":10,"column":49}},"10":{"start":{"line":11,"column":0},"end":{"line":11,"column":55}},"11":{"start":{"line":12,"column":0},"end":{"line":12,"column":9}},"13":{"start":{"line":14,"column":0},"end":{"line":14,"column":51}},"14":{"start":{"line":15,"column":0},"end":{"line":15,"column":26}},"15":{"start":{"line":16,"column":0},"end":{"line":16,"column":9}},"16":{"start":{"line":17,"column":0},"end":{"line":17,"column":24}},"17":{"start":{"line":18,"column":0},"end":{"line":18,"column":26}},"18":{"start":{"line":19,"column":0},"end":{"line":19,"column":24}},"19":{"start":{"line":20,"column":0},"end":{"line":20,"column":30}},"20":{"start":{"line":21,"column":0},"end":{"line":21,"column":30}},"21":{"start":{"line":22,"column":0},"end":{"line":22,"column":29}},"22":{"start":{"line":23,"column":0},"end":{"line":23,"column":30}},"23":{"start":{"line":24,"column":0},"end":{"line":24,"column":26}},"24":{"start":{"line":25,"column":0},"end":{"line":25,"column":10}},"25":{"start":{"line":26,"column":0},"end":{"line":26,"column":5}},"26":{"start":{"line":27,"column":0},"end":{"line":27,"column":65}},"27":{"start":{"line":28,"column":0},"end":{"line":28,"column":21}},"28":{"start":{"line":29,"column":0},"end":{"line":29,"column":22}},"29":{"start":{"line":30,"column":0},"end":{"line":30,"column":25}},"30":{"start":{"line":31,"column":0},"end":{"line":31,"column":32}},"31":{"start":{"line":32,"column":0},"end":{"line":32,"column":47}},"32":{"start":{"line":33,"column":0},"end":{"line":33,"column":37}},"33":{"start":{"line":34,"column":0},"end":{"line":34,"column":69}},"36":{"start":{"line":37,"column":0},"end":{"line":37,"column":9}},"37":{"start":{"line":38,"column":0},"end":{"line":38,"column":17}},"38":{"start":{"line":39,"column":0},"end":{"line":39,"column":60}},"39":{"start":{"line":40,"column":0},"end":{"line":40,"column":12}},"40":{"start":{"line":41,"column":0},"end":{"line":41,"column":12}},"41":{"start":{"line":42,"column":0},"end":{"line":42,"column":23}},"42":{"start":{"line":43,"column":0},"end":{"line":43,"column":76}},"45":{"start":{"line":46,"column":0},"end":{"line":46,"column":69}},"46":{"start":{"line":47,"column":0},"end":{"line":47,"column":73}},"47":{"start":{"line":48,"column":0},"end":{"line":48,"column":77}},"48":{"start":{"line":49,"column":0},"end":{"line":49,"column":73}},"49":{"start":{"line":50,"column":0},"end":{"line":50,"column":42}},"50":{"start":{"line":51,"column":0},"end":{"line":51,"column":53}},"52":{"start":{"line":53,"column":0},"end":{"line":53,"column":42}},"53":{"start":{"line":54,"column":0},"end":{"line":54,"column":53}},"55":{"start":{"line":56,"column":0},"end":{"line":56,"column":42}},"56":{"start":{"line":57,"column":0},"end":{"line":57,"column":51}},"58":{"start":{"line":59,"column":0},"end":{"line":59,"column":42}},"59":{"start":{"line":60,"column":0},"end":{"line":60,"column":53}},"61":{"start":{"line":62,"column":0},"end":{"line":62,"column":77}},"62":{"start":{"line":63,"column":0},"end":{"line":63,"column":64}},"63":{"start":{"line":64,"column":0},"end":{"line":64,"column":38}},"67":{"start":{"line":68,"column":0},"end":{"line":68,"column":1}}},"s":{"0":1,"1":1,"2":1,"3":1,"4":1,"6":1,"7":5,"8":5,"9":4,"10":4,"11":4,"13":5,"14":5,"15":5,"16":5,"17":5,"18":5,"19":5,"20":5,"21":5,"22":5,"23":5,"24":5,"25":5,"26":5,"27":5,"28":0,"29":0,"30":0,"31":0,"32":0,"33":0,"36":0,"37":5,"38":5,"39":5,"40":5,"41":5,"42":5,"45":5,"46":5,"47":5,"48":5,"49":5,"50":5,"52":5,"53":5,"55":5,"56":5,"58":5,"59":5,"61":5,"62":5,"63":5,"67":5},"branchMap":{"0":{"type":"branch","line":7,"loc":{"start":{"line":7,"column":7},"end":{"line":68,"column":1}},"locations":[{"start":{"line":7,"column":7},"end":{"line":68,"column":1}}]},"1":{"type":"branch","line":43,"loc":{"start":{"line":43,"column":16},"end":{"line":43,"column":48}},"locations":[{"start":{"line":43,"column":16},"end":{"line":43,"column":48}}]},"2":{"type":"branch","line":43,"loc":{"start":{"line":43,"column":29},"end":{"line":43,"column":76}},"locations":[{"start":{"line":43,"column":29},"end":{"line":43,"column":76}}]},"3":{"type":"branch","line":9,"loc":{"start":{"line":9,"column":8},"end":{"line":12,"column":9}},"locations":[{"start":{"line":9,"column":8},"end":{"line":12,"column":9}}]}},"b":{"0":[5],"1":[0],"2":[0],"3":[4]},"fnMap":{"0":{"name":"DatailsElement","decl":{"start":{"line":7,"column":7},"end":{"line":68,"column":1}},"loc":{"start":{"line":7,"column":7},"end":{"line":68,"column":1}},"line":7}},"f":{"0":5}}
,"C:\\Users\\BelPharm33\\Desktop\\Иван\\мой файлы\\react\\react_22_07\\react\\start_react\\src\\main.tsx": {"path":"C:\\Users\\BelPharm33\\Desktop\\Иван\\мой файлы\\react\\react_22_07\\react\\start_react\\src\\main.tsx","all":true,"statementMap":{"0":{"start":{"line":1,"column":0},"end":{"line":1,"column":25}},"1":{"start":{"line":2,"column":0},"end":{"line":2,"column":39}},"2":{"start":{"line":3,"column":0},"end":{"line":3,"column":61}},"3":{"start":{"line":4,"column":0},"end":{"line":4,"column":48}},"4":{"start":{"line":5,"column":0},"end":{"line":5,"column":38}},"5":{"start":{"line":6,"column":0},"end":{"line":6,"column":38}},"6":{"start":{"line":7,"column":0},"end":{"line":7,"column":46}},"7":{"start":{"line":8,"column":0},"end":{"line":8,"column":58}},"9":{"start":{"line":10,"column":0},"end":{"line":10,"column":61}},"10":{"start":{"line":11,"column":0},"end":{"line":11,"column":22}},"11":{"start":{"line":12,"column":0},"end":{"line":12,"column":25}},"12":{"start":{"line":13,"column":0},"end":{"line":13,"column":36}},"13":{"start":{"line":14,"column":0},"end":{"line":14,"column":31}},"14":{"start":{"line":15,"column":0},"end":{"line":15,"column":35}},"15":{"start":{"line":16,"column":0},"end":{"line":16,"column":34}}},"s":{"0":0,"1":0,"2":0,"3":0,"4":0,"5":0,"6":0,"7":0,"9":0,"10":0,"11":0,"12":0,"13":0,"14":0,"15":0},"branchMap":{"0":{"type":"branch","line":1,"loc":{"start":{"line":1,"column":759},"end":{"line":22,"column":1}},"locations":[{"start":{"line":1,"column":759},"end":{"line":22,"column":1}}]}},"b":{"0":[0]},"fnMap":{"0":{"name":"(empty-report)","decl":{"start":{"line":1,"column":759},"end":{"line":22,"column":1}},"loc":{"start":{"line":1,"column":759},"end":{"line":22,"column":1}},"line":1}},"f":{"0":0}}
,"C:\\Users\\BelPharm33\\Desktop\\Иван\\мой файлы\\react\\react_22_07\\react\\start_react\\src\\mainWraper.tsx": {"path":"C:\\Users\\BelPharm33\\Desktop\\Иван\\мой файлы\\react\\react_22_07\\react\\start_react\\src\\mainWraper.tsx","all":false,"statementMap":{"0":{"start":{"line":1,"column":0},"end":{"line":1,"column":26}},"1":{"start":{"line":2,"column":0},"end":{"line":2,"column":47}},"2":{"start":{"line":3,"column":0},"end":{"line":3,"column":45}},"3":{"start":{"line":4,"column":0},"end":{"line":4,"column":49}},"4":{"start":{"line":5,"column":0},"end":{"line":5,"column":41}},"5":{"start":{"line":6,"column":0},"end":{"line":6,"column":34}},"6":{"start":{"line":7,"column":0},"end":{"line":7,"column":57}},"9":{"start":{"line":10,"column":0},"end":{"line":10,"column":30}},"10":{"start":{"line":11,"column":0},"end":{"line":11,"column":51}},"11":{"start":{"line":12,"column":0},"end":{"line":12,"column":39}},"12":{"start":{"line":13,"column":0},"end":{"line":13,"column":65}},"13":{"start":{"line":14,"column":0},"end":{"line":14,"column":49}},"14":{"start":{"line":15,"column":0},"end":{"line":15,"column":47}},"15":{"start":{"line":16,"column":0},"end":{"line":16,"column":9}},"17":{"start":{"line":18,"column":0},"end":{"line":18,"column":39}},"18":{"start":{"line":19,"column":0},"end":{"line":19,"column":59}},"19":{"start":{"line":20,"column":0},"end":{"line":20,"column":20}},"20":{"start":{"line":21,"column":0},"end":{"line":21,"column":21}},"21":{"start":{"line":22,"column":0},"end":{"line":22,"column":79}},"22":{"start":{"line":23,"column":0},"end":{"line":23,"column":35}},"24":{"start":{"line":25,"column":0},"end":{"line":25,"column":24}},"25":{"start":{"line":26,"column":0},"end":{"line":26,"column":35}},"26":{"start":{"line":27,"column":0},"end":{"line":27,"column":80}},"28":{"start":{"line":29,"column":0},"end":{"line":29,"column":40}},"29":{"start":{"line":30,"column":0},"end":{"line":30,"column":49}},"30":{"start":{"line":31,"column":0},"end":{"line":31,"column":56}},"31":{"start":{"line":32,"column":0},"end":{"line":32,"column":41}},"33":{"start":{"line":34,"column":0},"end":{"line":34,"column":26}},"35":{"start":{"line":36,"column":0},"end":{"line":36,"column":74}},"36":{"start":{"line":37,"column":0},"end":{"line":37,"column":80}},"37":{"start":{"line":38,"column":0},"end":{"line":38,"column":74}},"38":{"start":{"line":39,"column":0},"end":{"line":39,"column":33}},"39":{"start":{"line":40,"column":0},"end":{"line":40,"column":34}},"40":{"start":{"line":41,"column":0},"end":{"line":41,"column":48}},"41":{"start":{"line":42,"column":0},"end":{"line":42,"column":30}},"46":{"start":{"line":47,"column":0},"end":{"line":47,"column":10}},"47":{"start":{"line":48,"column":0},"end":{"line":48,"column":16}},"48":{"start":{"line":49,"column":0},"end":{"line":49,"column":16}},"49":{"start":{"line":50,"column":0},"end":{"line":50,"column":27}},"50":{"start":{"line":51,"column":0},"end":{"line":51,"column":30}},"51":{"start":{"line":52,"column":0},"end":{"line":52,"column":48}},"52":{"start":{"line":53,"column":0},"end":{"line":53,"column":74}},"55":{"start":{"line":56,"column":0},"end":{"line":56,"column":34}},"56":{"start":{"line":57,"column":0},"end":{"line":57,"column":68}},"57":{"start":{"line":58,"column":0},"end":{"line":58,"column":75}},"59":{"start":{"line":60,"column":0},"end":{"line":60,"column":48}},"60":{"start":{"line":61,"column":0},"end":{"line":61,"column":30}},"64":{"start":{"line":65,"column":0},"end":{"line":65,"column":5}},"65":{"start":{"line":66,"column":0},"end":{"line":66,"column":1}}},"s":{"0":1,"1":1,"2":1,"3":1,"4":1,"5":1,"6":1,"9":1,"10":25,"11":25,"12":25,"13":40,"14":40,"15":40,"17":25,"18":17,"19":44,"20":44,"21":44,"22":44,"24":44,"25":44,"26":44,"28":44,"29":0,"30":0,"31":0,"33":0,"35":44,"36":44,"37":44,"38":44,"39":44,"40":44,"41":44,"46":44,"47":17,"48":17,"49":17,"50":17,"51":1,"52":16,"55":17,"56":17,"57":17,"59":17,"60":17,"64":17,"65":25},"branchMap":{"0":{"type":"branch","line":10,"loc":{"start":{"line":10,"column":7},"end":{"line":66,"column":1}},"locations":[{"start":{"line":10,"column":7},"end":{"line":66,"column":1}}]},"1":{"type":"branch","line":18,"loc":{"start":{"line":18,"column":8},"end":{"line":18,"column":36}},"locations":[{"start":{"line":18,"column":8},"end":{"line":18,"column":36}}]},"2":{"type":"branch","line":18,"loc":{"start":{"line":18,"column":38},"end":{"line":65,"column":5}},"locations":[{"start":{"line":18,"column":38},"end":{"line":65,"column":5}}]},"3":{"type":"branch","line":51,"loc":{"start":{"line":51,"column":20},"end":{"line":52,"column":48}},"locations":[{"start":{"line":51,"column":20},"end":{"line":52,"column":48}}]},"4":{"type":"branch","line":52,"loc":{"start":{"line":52,"column":26},"end":{"line":53,"column":74}},"locations":[{"start":{"line":52,"column":26},"end":{"line":53,"column":74}}]},"5":{"type":"branch","line":13,"loc":{"start":{"line":13,"column":8},"end":{"line":16,"column":9}},"locations":[{"start":{"line":13,"column":8},"end":{"line":16,"column":9}}]},"6":{"type":"branch","line":19,"loc":{"start":{"line":19,"column":48},"end":{"line":47,"column":10}},"locations":[{"start":{"line":19,"column":48},"end":{"line":47,"column":10}}]},"7":{"type":"branch","line":27,"loc":{"start":{"line":27,"column":28},"end":{"line":27,"column":57}},"locations":[{"start":{"line":27,"column":28},"end":{"line":27,"column":57}}]},"8":{"type":"branch","line":27,"loc":{"start":{"line":27,"column":41},"end":{"line":27,"column":80}},"locations":[{"start":{"line":27,"column":41},"end":{"line":27,"column":80}}]}},"b":{"0":[25],"1":[17],"2":[17],"3":[1],"4":[16],"5":[40],"6":[44],"7":[10],"8":[34]},"fnMap":{"0":{"name":"MainWraper","decl":{"start":{"line":10,"column":7},"end":{"line":66,"column":1}},"loc":{"start":{"line":10,"column":7},"end":{"line":66,"column":1}},"line":10},"1":{"name":"onClick","decl":{"start":{"line":29,"column":33},"end":{"line":34,"column":26}},"loc":{"start":{"line":29,"column":33},"end":{"line":34,"column":26}},"line":29}},"f":{"0":25,"1":0}}
,"C:\\Users\\BelPharm33\\Desktop\\Иван\\мой файлы\\react\\react_22_07\\react\\start_react\\src\\pagination.tsx": {"path":"C:\\Users\\BelPharm33\\Desktop\\Иван\\мой файлы\\react\\react_22_07\\react\\start_react\\src\\pagination.tsx","all":false,"statementMap":{"0":{"start":{"line":1,"column":0},"end":{"line":1,"column":39}},"1":{"start":{"line":2,"column":0},"end":{"line":2,"column":25}},"2":{"start":{"line":3,"column":0},"end":{"line":3,"column":44}},"3":{"start":{"line":4,"column":0},"end":{"line":4,"column":57}},"5":{"start":{"line":6,"column":0},"end":{"line":6,"column":34}},"7":{"start":{"line":8,"column":0},"end":{"line":8,"column":4}},"8":{"start":{"line":9,"column":0},"end":{"line":9,"column":51}},"9":{"start":{"line":10,"column":0},"end":{"line":10,"column":49}},"10":{"start":{"line":11,"column":0},"end":{"line":11,"column":28}},"11":{"start":{"line":12,"column":0},"end":{"line":12,"column":37}},"12":{"start":{"line":13,"column":0},"end":{"line":13,"column":63}},"13":{"start":{"line":14,"column":0},"end":{"line":14,"column":38}},"14":{"start":{"line":15,"column":0},"end":{"line":15,"column":35}},"15":{"start":{"line":16,"column":0},"end":{"line":16,"column":25}},"16":{"start":{"line":17,"column":0},"end":{"line":17,"column":51}},"17":{"start":{"line":18,"column":0},"end":{"line":18,"column":72}},"18":{"start":{"line":19,"column":0},"end":{"line":19,"column":50}},"19":{"start":{"line":20,"column":0},"end":{"line":20,"column":59}},"21":{"start":{"line":22,"column":0},"end":{"line":22,"column":31}},"24":{"start":{"line":25,"column":0},"end":{"line":25,"column":20}},"25":{"start":{"line":26,"column":0},"end":{"line":26,"column":35}},"26":{"start":{"line":27,"column":0},"end":{"line":27,"column":25}},"27":{"start":{"line":28,"column":0},"end":{"line":28,"column":51}},"28":{"start":{"line":29,"column":0},"end":{"line":29,"column":54}},"29":{"start":{"line":30,"column":0},"end":{"line":30,"column":50}},"30":{"start":{"line":31,"column":0},"end":{"line":31,"column":59}},"32":{"start":{"line":33,"column":0},"end":{"line":33,"column":31}},"35":{"start":{"line":36,"column":0},"end":{"line":36,"column":13}},"36":{"start":{"line":37,"column":0},"end":{"line":37,"column":9}},"37":{"start":{"line":38,"column":0},"end":{"line":38,"column":5}},"39":{"start":{"line":40,"column":0},"end":{"line":40,"column":12}},"40":{"start":{"line":41,"column":0},"end":{"line":41,"column":12}},"41":{"start":{"line":42,"column":0},"end":{"line":42,"column":23}},"42":{"start":{"line":43,"column":0},"end":{"line":43,"column":26}},"43":{"start":{"line":44,"column":0},"end":{"line":44,"column":41}},"44":{"start":{"line":45,"column":0},"end":{"line":45,"column":57}},"47":{"start":{"line":48,"column":0},"end":{"line":48,"column":27}},"50":{"start":{"line":51,"column":0},"end":{"line":51,"column":1}}},"s":{"0":1,"1":1,"2":1,"3":1,"5":1,"7":26,"8":26,"9":26,"10":26,"11":26,"12":4,"13":30,"14":4,"15":4,"16":4,"17":4,"18":4,"19":4,"21":4,"24":30,"25":26,"26":26,"27":26,"28":26,"29":26,"30":26,"32":26,"35":26,"36":30,"37":30,"39":26,"40":26,"41":26,"42":26,"43":1,"44":25,"47":26,"50":26},"branchMap":{"0":{"type":"branch","line":6,"loc":{"start":{"line":6,"column":7},"end":{"line":51,"column":1}},"locations":[{"start":{"line":6,"column":7},"end":{"line":51,"column":1}}]},"1":{"type":"branch","line":12,"loc":{"start":{"line":12,"column":36},"end":{"line":38,"column":5}},"locations":[{"start":{"line":12,"column":36},"end":{"line":38,"column":5}}]},"2":{"type":"branch","line":13,"loc":{"start":{"line":13,"column":62},"end":{"line":38,"column":5}},"locations":[{"start":{"line":13,"column":62},"end":{"line":38,"column":5}}]},"3":{"type":"branch","line":14,"loc":{"start":{"line":14,"column":37},"end":{"line":25,"column":19}},"locations":[{"start":{"line":14,"column":37},"end":{"line":25,"column":19}}]},"4":{"type":"branch","line":25,"loc":{"start":{"line":25,"column":12},"end":{"line":36,"column":13}},"locations":[{"start":{"line":25,"column":12},"end":{"line":36,"column":13}}]},"5":{"type":"branch","line":43,"loc":{"start":{"line":43,"column":16},"end":{"line":44,"column":41}},"locations":[{"start":{"line":43,"column":16},"end":{"line":44,"column":41}}]},"6":{"type":"branch","line":44,"loc":{"start":{"line":44,"column":22},"end":{"line":45,"column":57}},"locations":[{"start":{"line":44,"column":22},"end":{"line":45,"column":57}}]}},"b":{"0":[26],"1":[4],"2":[30],"3":[4],"4":[26],"5":[1],"6":[25]},"fnMap":{"0":{"name":"Pagination","decl":{"start":{"line":6,"column":7},"end":{"line":51,"column":1}},"loc":{"start":{"line":6,"column":7},"end":{"line":51,"column":1}},"line":6},"1":{"name":"onClick","decl":{"start":{"line":20,"column":33},"end":{"line":20,"column":59}},"loc":{"start":{"line":20,"column":33},"end":{"line":20,"column":59}},"line":20},"2":{"name":"onClick","decl":{"start":{"line":31,"column":33},"end":{"line":31,"column":59}},"loc":{"start":{"line":31,"column":33},"end":{"line":31,"column":59}},"line":31}},"f":{"0":26,"1":0,"2":0}}
,"C:\\Users\\BelPharm33\\Desktop\\Иван\\мой файлы\\react\\react_22_07\\react\\start_react\\src\\routing.tsx": {"path":"C:\\Users\\BelPharm33\\Desktop\\Иван\\мой файлы\\react\\react_22_07\\react\\start_react\\src\\routing.tsx","all":false,"statementMap":{"0":{"start":{"line":1,"column":0},"end":{"line":1,"column":48}},"1":{"start":{"line":2,"column":0},"end":{"line":2,"column":27}},"2":{"start":{"line":3,"column":0},"end":{"line":3,"column":45}},"3":{"start":{"line":4,"column":0},"end":{"line":4,"column":49}},"5":{"start":{"line":6,"column":0},"end":{"line":6,"column":26}},"6":{"start":{"line":7,"column":0},"end":{"line":7,"column":57}},"7":{"start":{"line":8,"column":0},"end":{"line":8,"column":65}},"8":{"start":{"line":9,"column":0},"end":{"line":9,"column":62}},"9":{"start":{"line":10,"column":0},"end":{"line":10,"column":5}},"11":{"start":{"line":12,"column":0},"end":{"line":12,"column":25}},"12":{"start":{"line":13,"column":0},"end":{"line":13,"column":34}},"13":{"start":{"line":14,"column":0},"end":{"line":14,"column":24}},"14":{"start":{"line":15,"column":0},"end":{"line":15,"column":18}},"15":{"start":{"line":16,"column":0},"end":{"line":16,"column":33}},"16":{"start":{"line":17,"column":0},"end":{"line":17,"column":41}},"17":{"start":{"line":18,"column":0},"end":{"line":18,"column":42}},"19":{"start":{"line":20,"column":0},"end":{"line":20,"column":22}},"20":{"start":{"line":21,"column":0},"end":{"line":21,"column":53}},"21":{"start":{"line":22,"column":0},"end":{"line":22,"column":48}},"25":{"start":{"line":26,"column":0},"end":{"line":26,"column":5}},"26":{"start":{"line":27,"column":0},"end":{"line":27,"column":12}},"27":{"start":{"line":28,"column":0},"end":{"line":28,"column":16}},"28":{"start":{"line":29,"column":0},"end":{"line":29,"column":53}},"29":{"start":{"line":30,"column":0},"end":{"line":30,"column":24}},"30":{"start":{"line":31,"column":0},"end":{"line":31,"column":52}},"33":{"start":{"line":34,"column":0},"end":{"line":34,"column":1}}},"s":{"0":1,"1":1,"2":1,"3":1,"5":1,"6":2,"7":0,"8":0,"9":0,"11":2,"12":2,"13":20,"14":20,"15":20,"16":20,"17":20,"19":20,"20":20,"21":20,"25":20,"26":2,"27":2,"28":2,"29":2,"30":2,"33":2},"branchMap":{"0":{"type":"branch","line":6,"loc":{"start":{"line":6,"column":7},"end":{"line":34,"column":1}},"locations":[{"start":{"line":6,"column":7},"end":{"line":34,"column":1}}]},"1":{"type":"branch","line":7,"loc":{"start":{"line":7,"column":56},"end":{"line":10,"column":5}},"locations":[{"start":{"line":7,"column":56},"end":{"line":10,"column":5}}]},"2":{"type":"branch","line":13,"loc":{"start":{"line":13,"column":33},"end":{"line":26,"column":5}},"locations":[{"start":{"line":13,"column":33},"end":{"line":26,"column":5}}]}},"b":{"0":[2],"1":[0],"2":[20]},"fnMap":{"0":{"name":"Router","decl":{"start":{"line":6,"column":7},"end":{"line":34,"column":1}},"loc":{"start":{"line":6,"column":7},"end":{"line":34,"column":1}},"line":6}},"f":{"0":2}}
,"C:\\Users\\BelPharm33\\Desktop\\Иван\\мой файлы\\react\\react_22_07\\react\\start_react\\src\\APIRequests\\sliceAPI.ts": {"path":"C:\\Users\\BelPharm33\\Desktop\\Иван\\мой файлы\\react\\react_22_07\\react\\start_react\\src\\APIRequests\\sliceAPI.ts","all":false,"statementMap":{"0":{"start":{"line":1,"column":0},"end":{"line":1,"column":72}},"3":{"start":{"line":4,"column":0},"end":{"line":4,"column":35}},"4":{"start":{"line":5,"column":0},"end":{"line":5,"column":23}},"5":{"start":{"line":6,"column":0},"end":{"line":6,"column":77}},"6":{"start":{"line":7,"column":0},"end":{"line":7,"column":24}},"7":{"start":{"line":8,"column":0},"end":{"line":8,"column":30}},"8":{"start":{"line":9,"column":0},"end":{"line":9,"column":33}},"9":{"start":{"line":10,"column":0},"end":{"line":10,"column":112}},"10":{"start":{"line":11,"column":0},"end":{"line":11,"column":53}},"11":{"start":{"line":12,"column":0},"end":{"line":12,"column":55}},"12":{"start":{"line":13,"column":0},"end":{"line":13,"column":42}},"13":{"start":{"line":14,"column":0},"end":{"line":14,"column":31}},"14":{"start":{"line":15,"column":0},"end":{"line":15,"column":18}},"15":{"start":{"line":16,"column":0},"end":{"line":16,"column":26}},"16":{"start":{"line":17,"column":0},"end":{"line":17,"column":14}},"17":{"start":{"line":18,"column":0},"end":{"line":18,"column":35}},"18":{"start":{"line":19,"column":0},"end":{"line":19,"column":11}},"19":{"start":{"line":20,"column":0},"end":{"line":20,"column":7}},"20":{"start":{"line":21,"column":0},"end":{"line":21,"column":2}},"22":{"start":{"line":23,"column":0},"end":{"line":23,"column":14}},"23":{"start":{"line":24,"column":0},"end":{"line":24,"column":21}},"24":{"start":{"line":25,"column":0},"end":{"line":25,"column":12}}},"s":{"0":1,"3":1,"4":1,"5":1,"6":1,"7":1,"8":4,"9":4,"10":4,"11":5,"12":12,"13":12,"14":12,"15":5,"16":5,"17":4,"18":4,"19":4,"20":1,"22":1,"23":1,"24":1},"branchMap":{"0":{"type":"branch","line":8,"loc":{"start":{"line":8,"column":15},"end":{"line":20,"column":7}},"locations":[{"start":{"line":8,"column":15},"end":{"line":20,"column":7}}]},"1":{"type":"branch","line":10,"loc":{"start":{"line":10,"column":19},"end":{"line":10,"column":111}},"locations":[{"start":{"line":10,"column":19},"end":{"line":10,"column":111}}]},"2":{"type":"branch","line":11,"loc":{"start":{"line":11,"column":31},"end":{"line":17,"column":14}},"locations":[{"start":{"line":11,"column":31},"end":{"line":17,"column":14}}]},"3":{"type":"branch","line":12,"loc":{"start":{"line":12,"column":46},"end":{"line":15,"column":18}},"locations":[{"start":{"line":12,"column":46},"end":{"line":15,"column":18}}]}},"b":{"0":[4],"1":[5],"2":[5],"3":[12]},"fnMap":{"0":{"name":"endpoints","decl":{"start":{"line":8,"column":15},"end":{"line":20,"column":7}},"loc":{"start":{"line":8,"column":15},"end":{"line":20,"column":7}},"line":8},"1":{"name":"query","decl":{"start":{"line":10,"column":19},"end":{"line":10,"column":111}},"loc":{"start":{"line":10,"column":19},"end":{"line":10,"column":111}},"line":10},"2":{"name":"transformResponse","decl":{"start":{"line":11,"column":31},"end":{"line":17,"column":14}},"loc":{"start":{"line":11,"column":31},"end":{"line":17,"column":14}},"line":11}},"f":{"0":4,"1":5,"2":5}}
,"C:\\Users\\BelPharm33\\Desktop\\Иван\\мой файлы\\react\\react_22_07\\react\\start_react\\src\\Page_404\\page_404.tsx": {"path":"C:\\Users\\BelPharm33\\Desktop\\Иван\\мой файлы\\react\\react_22_07\\react\\start_react\\src\\Page_404\\page_404.tsx","all":false,"statementMap":{"0":{"start":{"line":1,"column":0},"end":{"line":1,"column":24}},"1":{"start":{"line":2,"column":0},"end":{"line":2,"column":27}},"2":{"start":{"line":3,"column":0},"end":{"line":3,"column":12}},"3":{"start":{"line":4,"column":0},"end":{"line":4,"column":36}},"4":{"start":{"line":5,"column":0},"end":{"line":5,"column":17}},"5":{"start":{"line":6,"column":0},"end":{"line":6,"column":51}},"6":{"start":{"line":7,"column":0},"end":{"line":7,"column":62}},"8":{"start":{"line":9,"column":0},"end":{"line":9,"column":79}},"11":{"start":{"line":12,"column":0},"end":{"line":12,"column":1}}},"s":{"0":1,"1":1,"2":3,"3":3,"4":3,"5":3,"6":3,"8":3,"11":3},"branchMap":{"0":{"type":"branch","line":2,"loc":{"start":{"line":2,"column":7},"end":{"line":12,"column":1}},"locations":[{"start":{"line":2,"column":7},"end":{"line":12,"column":1}}]}},"b":{"0":[3]},"fnMap":{"0":{"name":"Page404","decl":{"start":{"line":2,"column":7},"end":{"line":12,"column":1}},"loc":{"start":{"line":2,"column":7},"end":{"line":12,"column":1}},"line":2}},"f":{"0":3}}
,"C:\\Users\\BelPharm33\\Desktop\\Иван\\мой файлы\\react\\react_22_07\\react\\start_react\\src\\helpers\\checkbox.tsx": {"path":"C:\\Users\\BelPharm33\\Desktop\\Иван\\мой файлы\\react\\react_22_07\\react\\start_react\\src\\helpers\\checkbox.tsx","all":false,"statementMap":{"0":{"start":{"line":1,"column":0},"end":{"line":1,"column":40}},"1":{"start":{"line":2,"column":0},"end":{"line":2,"column":79}},"2":{"start":{"line":3,"column":0},"end":{"line":3,"column":54}},"4":{"start":{"line":5,"column":0},"end":{"line":5,"column":58}},"5":{"start":{"line":6,"column":0},"end":{"line":6,"column":34}},"6":{"start":{"line":7,"column":0},"end":{"line":7,"column":36}},"7":{"start":{"line":8,"column":0},"end":{"line":8,"column":53}},"8":{"start":{"line":9,"column":0},"end":{"line":9,"column":43}},"9":{"start":{"line":10,"column":0},"end":{"line":10,"column":9}},"11":{"start":{"line":12,"column":0},"end":{"line":12,"column":31}},"12":{"start":{"line":13,"column":0},"end":{"line":13,"column":80}},"13":{"start":{"line":14,"column":0},"end":{"line":14,"column":49}},"14":{"start":{"line":15,"column":0},"end":{"line":15,"column":67}},"15":{"start":{"line":16,"column":0},"end":{"line":16,"column":26}},"16":{"start":{"line":17,"column":0},"end":{"line":17,"column":71}},"17":{"start":{"line":18,"column":0},"end":{"line":18,"column":57}},"18":{"start":{"line":19,"column":0},"end":{"line":19,"column":14}},"19":{"start":{"line":20,"column":0},"end":{"line":20,"column":36}},"20":{"start":{"line":21,"column":0},"end":{"line":21,"column":9}},"22":{"start":{"line":23,"column":0},"end":{"line":23,"column":25}},"24":{"start":{"line":25,"column":0},"end":{"line":25,"column":56}},"25":{"start":{"line":26,"column":0},"end":{"line":26,"column":54}},"26":{"start":{"line":27,"column":0},"end":{"line":27,"column":59}},"27":{"start":{"line":28,"column":0},"end":{"line":28,"column":45}},"28":{"start":{"line":29,"column":0},"end":{"line":29,"column":27}},"29":{"start":{"line":30,"column":0},"end":{"line":30,"column":13}},"30":{"start":{"line":31,"column":0},"end":{"line":31,"column":9}},"31":{"start":{"line":32,"column":0},"end":{"line":32,"column":20}},"32":{"start":{"line":33,"column":0},"end":{"line":33,"column":6}},"33":{"start":{"line":34,"column":0},"end":{"line":34,"column":21}},"34":{"start":{"line":35,"column":0},"end":{"line":35,"column":26}},"35":{"start":{"line":36,"column":0},"end":{"line":36,"column":58}},"36":{"start":{"line":37,"column":0},"end":{"line":37,"column":63}},"37":{"start":{"line":38,"column":0},"end":{"line":38,"column":49}},"38":{"start":{"line":39,"column":0},"end":{"line":39,"column":31}},"39":{"start":{"line":40,"column":0},"end":{"line":40,"column":17}},"40":{"start":{"line":41,"column":0},"end":{"line":41,"column":13}},"41":{"start":{"line":42,"column":0},"end":{"line":42,"column":24}},"42":{"start":{"line":43,"column":0},"end":{"line":43,"column":10}},"43":{"start":{"line":44,"column":0},"end":{"line":44,"column":35}},"45":{"start":{"line":46,"column":0},"end":{"line":46,"column":77}},"46":{"start":{"line":47,"column":0},"end":{"line":47,"column":27}},"47":{"start":{"line":48,"column":0},"end":{"line":48,"column":28}},"48":{"start":{"line":49,"column":0},"end":{"line":49,"column":5}},"49":{"start":{"line":50,"column":0},"end":{"line":50,"column":12}},"50":{"start":{"line":51,"column":0},"end":{"line":51,"column":50}},"51":{"start":{"line":52,"column":0},"end":{"line":52,"column":18}},"52":{"start":{"line":53,"column":0},"end":{"line":53,"column":31}},"53":{"start":{"line":54,"column":0},"end":{"line":54,"column":41}},"54":{"start":{"line":55,"column":0},"end":{"line":55,"column":33}},"55":{"start":{"line":56,"column":0},"end":{"line":56,"column":47}},"56":{"start":{"line":57,"column":0},"end":{"line":57,"column":33}},"57":{"start":{"line":58,"column":0},"end":{"line":58,"column":34}},"58":{"start":{"line":59,"column":0},"end":{"line":59,"column":46}},"59":{"start":{"line":60,"column":0},"end":{"line":60,"column":57}},"60":{"start":{"line":61,"column":0},"end":{"line":61,"column":28}},"61":{"start":{"line":62,"column":0},"end":{"line":62,"column":55}},"62":{"start":{"line":63,"column":0},"end":{"line":63,"column":21}},"63":{"start":{"line":64,"column":0},"end":{"line":64,"column":18}},"67":{"start":{"line":68,"column":0},"end":{"line":68,"column":1}}},"s":{"0":1,"1":1,"2":1,"4":1,"5":46,"6":46,"7":46,"8":64,"9":64,"11":46,"12":46,"13":64,"14":64,"15":64,"16":64,"17":424,"18":424,"19":64,"20":64,"22":46,"24":46,"25":14,"26":24,"27":24,"28":1,"29":1,"30":24,"31":13,"32":13,"33":46,"34":15,"35":15,"36":26,"37":26,"38":2,"39":2,"40":26,"41":13,"42":13,"43":46,"45":46,"46":1,"47":1,"48":1,"49":46,"50":46,"51":46,"52":46,"53":46,"54":46,"55":46,"56":46,"57":1,"58":0,"59":0,"60":1,"61":1,"62":1,"63":1,"67":46},"branchMap":{"0":{"type":"branch","line":5,"loc":{"start":{"line":5,"column":7},"end":{"line":68,"column":1}},"locations":[{"start":{"line":5,"column":7},"end":{"line":68,"column":1}}]},"1":{"type":"branch","line":8,"loc":{"start":{"line":8,"column":8},"end":{"line":10,"column":9}},"locations":[{"start":{"line":8,"column":8},"end":{"line":10,"column":9}}]},"2":{"type":"branch","line":13,"loc":{"start":{"line":13,"column":8},"end":{"line":21,"column":9}},"locations":[{"start":{"line":13,"column":8},"end":{"line":21,"column":9}}]},"3":{"type":"branch","line":17,"loc":{"start":{"line":17,"column":31},"end":{"line":19,"column":14}},"locations":[{"start":{"line":17,"column":31},"end":{"line":19,"column":14}}]},"4":{"type":"branch","line":18,"loc":{"start":{"line":18,"column":48},"end":{"line":18,"column":57}},"locations":[{"start":{"line":18,"column":48},"end":{"line":18,"column":57}}]},"5":{"type":"branch","line":25,"loc":{"start":{"line":25,"column":49},"end":{"line":33,"column":6}},"locations":[{"start":{"line":25,"column":49},"end":{"line":33,"column":6}}]},"6":{"type":"branch","line":26,"loc":{"start":{"line":26,"column":53},"end":{"line":31,"column":9}},"locations":[{"start":{"line":26,"column":53},"end":{"line":31,"column":9}}]},"7":{"type":"branch","line":28,"loc":{"start":{"line":28,"column":44},"end":{"line":30,"column":13}},"locations":[{"start":{"line":28,"column":44},"end":{"line":30,"column":13}}]},"8":{"type":"branch","line":31,"loc":{"start":{"line":31,"column":8},"end":{"line":33,"column":6}},"locations":[{"start":{"line":31,"column":8},"end":{"line":33,"column":6}}]},"9":{"type":"branch","line":34,"loc":{"start":{"line":34,"column":14},"end":{"line":44,"column":7}},"locations":[{"start":{"line":34,"column":14},"end":{"line":44,"column":7}}]},"10":{"type":"branch","line":35,"loc":{"start":{"line":35,"column":19},"end":{"line":43,"column":10}},"locations":[{"start":{"line":35,"column":19},"end":{"line":43,"column":10}}]},"11":{"type":"branch","line":36,"loc":{"start":{"line":36,"column":57},"end":{"line":41,"column":13}},"locations":[{"start":{"line":36,"column":57},"end":{"line":41,"column":13}}]},"12":{"type":"branch","line":38,"loc":{"start":{"line":38,"column":48},"end":{"line":40,"column":17}},"locations":[{"start":{"line":38,"column":48},"end":{"line":40,"column":17}}]},"13":{"type":"branch","line":41,"loc":{"start":{"line":41,"column":12},"end":{"line":43,"column":10}},"locations":[{"start":{"line":41,"column":12},"end":{"line":43,"column":10}}]},"14":{"type":"branch","line":46,"loc":{"start":{"line":46,"column":4},"end":{"line":49,"column":5}},"locations":[{"start":{"line":46,"column":4},"end":{"line":49,"column":5}}]},"15":{"type":"branch","line":56,"loc":{"start":{"line":56,"column":25},"end":{"line":56,"column":47}},"locations":[{"start":{"line":56,"column":25},"end":{"line":56,"column":47}}]},"16":{"type":"branch","line":57,"loc":{"start":{"line":57,"column":26},"end":{"line":64,"column":18}},"locations":[{"start":{"line":57,"column":26},"end":{"line":64,"column":18}}]},"17":{"type":"branch","line":58,"loc":{"start":{"line":58,"column":33},"end":{"line":61,"column":27}},"locations":[{"start":{"line":58,"column":33},"end":{"line":61,"column":27}}]}},"b":{"0":[46],"1":[64],"2":[64],"3":[424],"4":[64],"5":[14],"6":[24],"7":[1],"8":[13],"9":[15],"10":[15],"11":[26],"12":[2],"13":[13],"14":[1],"15":[1],"16":[1],"17":[0]},"fnMap":{"0":{"name":"CheckBox","decl":{"start":{"line":5,"column":7},"end":{"line":68,"column":1}},"loc":{"start":{"line":5,"column":7},"end":{"line":68,"column":1}},"line":5},"1":{"name":"handleClick","decl":{"start":{"line":46,"column":4},"end":{"line":49,"column":5}},"loc":{"start":{"line":46,"column":4},"end":{"line":49,"column":5}},"line":46},"2":{"name":"onClick","decl":{"start":{"line":51,"column":22},"end":{"line":51,"column":50}},"loc":{"start":{"line":51,"column":22},"end":{"line":51,"column":50}},"line":51},"3":{"name":"onClick","decl":{"start":{"line":56,"column":25},"end":{"line":56,"column":47}},"loc":{"start":{"line":56,"column":25},"end":{"line":56,"column":47}},"line":56},"4":{"name":"onChange","decl":{"start":{"line":57,"column":26},"end":{"line":64,"column":18}},"loc":{"start":{"line":57,"column":26},"end":{"line":64,"column":18}},"line":57}},"f":{"0":46,"1":1,"2":0,"3":1,"4":1}}
,"C:\\Users\\BelPharm33\\Desktop\\Иван\\мой файлы\\react\\react_22_07\\react\\start_react\\src\\helpers\\errorHeandlet.tsx": {"path":"C:\\Users\\BelPharm33\\Desktop\\Иван\\мой файлы\\react\\react_22_07\\react\\start_react\\src\\helpers\\errorHeandlet.tsx","all":false,"statementMap":{"0":{"start":{"line":1,"column":0},"end":{"line":1,"column":51}},"9":{"start":{"line":10,"column":0},"end":{"line":10,"column":68}},"10":{"start":{"line":11,"column":0},"end":{"line":11,"column":27}},"11":{"start":{"line":12,"column":0},"end":{"line":12,"column":24}},"12":{"start":{"line":13,"column":0},"end":{"line":13,"column":5}},"14":{"start":{"line":15,"column":0},"end":{"line":15,"column":53}},"15":{"start":{"line":16,"column":0},"end":{"line":16,"column":33}},"16":{"start":{"line":17,"column":0},"end":{"line":17,"column":5}},"18":{"start":{"line":19,"column":0},"end":{"line":19,"column":66}},"19":{"start":{"line":20,"column":0},"end":{"line":20,"column":37}},"20":{"start":{"line":21,"column":0},"end":{"line":21,"column":33}},"21":{"start":{"line":22,"column":0},"end":{"line":22,"column":5}},"23":{"start":{"line":24,"column":0},"end":{"line":24,"column":21}},"24":{"start":{"line":25,"column":0},"end":{"line":25,"column":34}},"25":{"start":{"line":26,"column":0},"end":{"line":26,"column":20}},"26":{"start":{"line":27,"column":0},"end":{"line":27,"column":47}},"31":{"start":{"line":32,"column":0},"end":{"line":32,"column":9}},"32":{"start":{"line":33,"column":0},"end":{"line":33,"column":34}},"33":{"start":{"line":34,"column":0},"end":{"line":34,"column":5}},"34":{"start":{"line":35,"column":0},"end":{"line":35,"column":1}}},"s":{"0":1,"9":1,"10":1,"11":1,"12":1,"14":1,"15":6,"16":6,"18":1,"19":2,"20":2,"21":2,"23":1,"24":17,"25":6,"26":6,"31":6,"32":11,"33":11,"34":1},"branchMap":{"0":{"type":"branch","line":15,"loc":{"start":{"line":15,"column":18},"end":{"line":17,"column":5}},"locations":[{"start":{"line":15,"column":18},"end":{"line":17,"column":5}}]},"1":{"type":"branch","line":19,"loc":{"start":{"line":19,"column":11},"end":{"line":22,"column":5}},"locations":[{"start":{"line":19,"column":11},"end":{"line":22,"column":5}}]},"2":{"type":"branch","line":24,"loc":{"start":{"line":24,"column":11},"end":{"line":34,"column":5}},"locations":[{"start":{"line":24,"column":11},"end":{"line":34,"column":5}}]},"3":{"type":"branch","line":25,"loc":{"start":{"line":25,"column":33},"end":{"line":34,"column":5}},"locations":[{"start":{"line":25,"column":33},"end":{"line":34,"column":5}}]},"4":{"type":"branch","line":25,"loc":{"start":{"line":25,"column":33},"end":{"line":32,"column":9}},"locations":[{"start":{"line":25,"column":33},"end":{"line":32,"column":9}}]},"5":{"type":"branch","line":32,"loc":{"start":{"line":32,"column":8},"end":{"line":34,"column":5}},"locations":[{"start":{"line":32,"column":8},"end":{"line":34,"column":5}}]}},"b":{"0":[6],"1":[2],"2":[17],"3":[13],"4":[6],"5":[11]},"fnMap":{"0":{"name":"getDerivedStateFromError","decl":{"start":{"line":15,"column":18},"end":{"line":17,"column":5}},"loc":{"start":{"line":15,"column":18},"end":{"line":17,"column":5}},"line":15},"1":{"name":"componentDidCatch","decl":{"start":{"line":19,"column":11},"end":{"line":22,"column":5}},"loc":{"start":{"line":19,"column":11},"end":{"line":22,"column":5}},"line":19},"2":{"name":"render","decl":{"start":{"line":24,"column":11},"end":{"line":34,"column":5}},"loc":{"start":{"line":24,"column":11},"end":{"line":34,"column":5}},"line":24}},"f":{"0":6,"1":2,"2":17}}
,"C:\\Users\\BelPharm33\\Desktop\\Иван\\мой файлы\\react\\react_22_07\\react\\start_react\\src\\helpers\\fileSaver.ts": {"path":"C:\\Users\\BelPharm33\\Desktop\\Иван\\мой файлы\\react\\react_22_07\\react\\start_react\\src\\helpers\\fileSaver.ts","all":false,"statementMap":{"1":{"start":{"line":2,"column":0},"end":{"line":2,"column":78}},"2":{"start":{"line":3,"column":0},"end":{"line":3,"column":51}},"3":{"start":{"line":4,"column":0},"end":{"line":4,"column":39}},"4":{"start":{"line":5,"column":0},"end":{"line":5,"column":23}},"5":{"start":{"line":6,"column":0},"end":{"line":6,"column":43}},"6":{"start":{"line":7,"column":0},"end":{"line":7,"column":44}},"7":{"start":{"line":8,"column":0},"end":{"line":8,"column":17}},"8":{"start":{"line":9,"column":0},"end":{"line":9,"column":18}},"9":{"start":{"line":10,"column":0},"end":{"line":10,"column":21}},"10":{"start":{"line":11,"column":0},"end":{"line":11,"column":4}},"11":{"start":{"line":12,"column":0},"end":{"line":12,"column":27}},"12":{"start":{"line":13,"column":0},"end":{"line":13,"column":12}},"13":{"start":{"line":14,"column":0},"end":{"line":14,"column":2}},"15":{"start":{"line":16,"column":0},"end":{"line":16,"column":105}},"16":{"start":{"line":17,"column":0},"end":{"line":17,"column":55}},"17":{"start":{"line":18,"column":0},"end":{"line":18,"column":19}},"18":{"start":{"line":19,"column":0},"end":{"line":19,"column":44}},"19":{"start":{"line":20,"column":0},"end":{"line":20,"column":97}},"20":{"start":{"line":21,"column":0},"end":{"line":21,"column":3}},"22":{"start":{"line":23,"column":0},"end":{"line":23,"column":15}},"23":{"start":{"line":24,"column":0},"end":{"line":24,"column":36}},"24":{"start":{"line":25,"column":0},"end":{"line":25,"column":43}},"25":{"start":{"line":26,"column":0},"end":{"line":26,"column":15}},"27":{"start":{"line":28,"column":0},"end":{"line":28,"column":1}}},"s":{"1":1,"2":1,"3":1,"4":1,"5":1,"6":1,"7":1,"8":1,"9":1,"10":1,"11":1,"12":1,"13":1,"15":1,"16":1,"17":1,"18":1,"19":1,"20":1,"22":1,"23":1,"24":1,"25":1,"27":1},"branchMap":{"0":{"type":"branch","line":2,"loc":{"start":{"line":2,"column":21},"end":{"line":14,"column":2}},"locations":[{"start":{"line":2,"column":21},"end":{"line":14,"column":2}}]},"1":{"type":"branch","line":16,"loc":{"start":{"line":16,"column":27},"end":{"line":28,"column":1}},"locations":[{"start":{"line":16,"column":27},"end":{"line":28,"column":1}}]}},"b":{"0":[1],"1":[1]},"fnMap":{"0":{"name":"downloadFile","decl":{"start":{"line":2,"column":21},"end":{"line":14,"column":2}},"loc":{"start":{"line":2,"column":21},"end":{"line":14,"column":2}},"line":2},"1":{"name":"exportToCsv","decl":{"start":{"line":16,"column":27},"end":{"line":28,"column":1}},"loc":{"start":{"line":16,"column":27},"end":{"line":28,"column":1}},"line":16}},"f":{"0":1,"1":1}}
,"C:\\Users\\BelPharm33\\Desktop\\Иван\\мой файлы\\react\\react_22_07\\react\\start_react\\src\\helpers\\loadingOpenClose.tsx": {"path":"C:\\Users\\BelPharm33\\Desktop\\Иван\\мой файлы\\react\\react_22_07\\react\\start_react\\src\\helpers\\loadingOpenClose.tsx","all":false,"statementMap":{"0":{"start":{"line":1,"column":0},"end":{"line":1,"column":54}},"2":{"start":{"line":3,"column":0},"end":{"line":3,"column":53}},"3":{"start":{"line":4,"column":0},"end":{"line":4,"column":20}},"4":{"start":{"line":5,"column":0},"end":{"line":5,"column":10}},"6":{"start":{"line":7,"column":0},"end":{"line":7,"column":33}},"7":{"start":{"line":8,"column":0},"end":{"line":8,"column":62}},"10":{"start":{"line":11,"column":0},"end":{"line":11,"column":1}}},"s":{"0":1,"2":1,"3":24,"4":7,"6":24,"7":24,"10":24},"branchMap":{"0":{"type":"branch","line":3,"loc":{"start":{"line":3,"column":32},"end":{"line":11,"column":1}},"locations":[{"start":{"line":3,"column":32},"end":{"line":11,"column":1}}]},"1":{"type":"branch","line":4,"loc":{"start":{"line":4,"column":11},"end":{"line":5,"column":10}},"locations":[{"start":{"line":4,"column":11},"end":{"line":5,"column":10}}]}},"b":{"0":[24],"1":[7]},"fnMap":{"0":{"name":"LoadingOpenClose","decl":{"start":{"line":3,"column":32},"end":{"line":11,"column":1}},"loc":{"start":{"line":3,"column":32},"end":{"line":11,"column":1}},"line":3}},"f":{"0":24}}
,"C:\\Users\\BelPharm33\\Desktop\\Иван\\мой файлы\\react\\react_22_07\\react\\start_react\\src\\helpers\\themeChanger.tsx": {"path":"C:\\Users\\BelPharm33\\Desktop\\Иван\\мой файлы\\react\\react_22_07\\react\\start_react\\src\\helpers\\themeChanger.tsx","all":false,"statementMap":{"0":{"start":{"line":1,"column":0},"end":{"line":1,"column":58}},"2":{"start":{"line":3,"column":0},"end":{"line":3,"column":24}},"3":{"start":{"line":4,"column":0},"end":{"line":4,"column":31}},"5":{"start":{"line":6,"column":0},"end":{"line":6,"column":73}},"6":{"start":{"line":7,"column":0},"end":{"line":7,"column":63}},"7":{"start":{"line":8,"column":0},"end":{"line":8,"column":53}},"8":{"start":{"line":9,"column":0},"end":{"line":9,"column":34}},"9":{"start":{"line":10,"column":0},"end":{"line":10,"column":32}},"10":{"start":{"line":11,"column":0},"end":{"line":11,"column":5}},"11":{"start":{"line":12,"column":0},"end":{"line":12,"column":12}},"12":{"start":{"line":13,"column":0},"end":{"line":13,"column":13}},"13":{"start":{"line":14,"column":0},"end":{"line":14,"column":74}},"14":{"start":{"line":15,"column":0},"end":{"line":15,"column":32}},"18":{"start":{"line":19,"column":0},"end":{"line":19,"column":1}}},"s":{"0":1,"2":1,"3":1,"5":1,"6":1,"7":19,"8":19,"9":1,"10":1,"11":19,"12":19,"13":19,"14":19,"18":19},"branchMap":{"0":{"type":"branch","line":7,"loc":{"start":{"line":7,"column":7},"end":{"line":19,"column":1}},"locations":[{"start":{"line":7,"column":7},"end":{"line":19,"column":1}}]},"1":{"type":"branch","line":9,"loc":{"start":{"line":9,"column":27},"end":{"line":11,"column":5}},"locations":[{"start":{"line":9,"column":27},"end":{"line":11,"column":5}}]}},"b":{"0":[19],"1":[1]},"fnMap":{"0":{"name":"toggleDarkMode","decl":{"start":{"line":4,"column":23},"end":{"line":4,"column":31}},"loc":{"start":{"line":4,"column":23},"end":{"line":4,"column":31}},"line":4},"1":{"name":"ThemeProvider","decl":{"start":{"line":7,"column":7},"end":{"line":19,"column":1}},"loc":{"start":{"line":7,"column":7},"end":{"line":19,"column":1}},"line":7},"2":{"name":"toggleDarkMode","decl":{"start":{"line":9,"column":27},"end":{"line":11,"column":5}},"loc":{"start":{"line":9,"column":27},"end":{"line":11,"column":5}},"line":9}},"f":{"0":0,"1":19,"2":1}}
,"C:\\Users\\BelPharm33\\Desktop\\Иван\\мой файлы\\react\\react_22_07\\react\\start_react\\src\\helpers\\useLS.ts": {"path":"C:\\Users\\BelPharm33\\Desktop\\Иван\\мой файлы\\react\\react_22_07\\react\\start_react\\src\\helpers\\useLS.ts","all":false,"statementMap":{"0":{"start":{"line":1,"column":0},"end":{"line":1,"column":44}},"2":{"start":{"line":3,"column":0},"end":{"line":3,"column":59}},"3":{"start":{"line":4,"column":0},"end":{"line":4,"column":42}},"4":{"start":{"line":5,"column":0},"end":{"line":5,"column":13}},"5":{"start":{"line":6,"column":0},"end":{"line":6,"column":16}},"6":{"start":{"line":7,"column":0},"end":{"line":7,"column":2}},"7":{"start":{"line":8,"column":0},"end":{"line":8,"column":21}},"8":{"start":{"line":9,"column":0},"end":{"line":9,"column":1}},"10":{"start":{"line":11,"column":0},"end":{"line":11,"column":127}},"11":{"start":{"line":12,"column":0},"end":{"line":12,"column":44}},"12":{"start":{"line":13,"column":0},"end":{"line":13,"column":46}},"13":{"start":{"line":14,"column":0},"end":{"line":14,"column":5}},"15":{"start":{"line":16,"column":0},"end":{"line":16,"column":19}},"16":{"start":{"line":17,"column":0},"end":{"line":17,"column":37}},"17":{"start":{"line":18,"column":0},"end":{"line":18,"column":19}},"19":{"start":{"line":20,"column":0},"end":{"line":20,"column":27}},"20":{"start":{"line":21,"column":0},"end":{"line":21,"column":2}}},"s":{"0":1,"2":14,"3":14,"4":14,"5":6,"6":6,"7":8,"8":8,"10":1,"11":48,"12":14,"13":14,"15":48,"16":17,"17":48,"19":48,"20":48},"branchMap":{"0":{"type":"branch","line":3,"loc":{"start":{"line":3,"column":0},"end":{"line":9,"column":1}},"locations":[{"start":{"line":3,"column":0},"end":{"line":9,"column":1}}]},"1":{"type":"branch","line":5,"loc":{"start":{"line":5,"column":12},"end":{"line":7,"column":2}},"locations":[{"start":{"line":5,"column":12},"end":{"line":7,"column":2}}]},"2":{"type":"branch","line":7,"loc":{"start":{"line":7,"column":1},"end":{"line":9,"column":1}},"locations":[{"start":{"line":7,"column":1},"end":{"line":9,"column":1}}]},"3":{"type":"branch","line":11,"loc":{"start":{"line":11,"column":31},"end":{"line":21,"column":2}},"locations":[{"start":{"line":11,"column":31},"end":{"line":21,"column":2}}]},"4":{"type":"branch","line":12,"loc":{"start":{"line":12,"column":37},"end":{"line":14,"column":5}},"locations":[{"start":{"line":12,"column":37},"end":{"line":14,"column":5}}]},"5":{"type":"branch","line":16,"loc":{"start":{"line":16,"column":12},"end":{"line":18,"column":5}},"locations":[{"start":{"line":16,"column":12},"end":{"line":18,"column":5}}]}},"b":{"0":[14],"1":[6],"2":[8],"3":[48],"4":[14],"5":[17]},"fnMap":{"0":{"name":"getStorageValue","decl":{"start":{"line":3,"column":0},"end":{"line":9,"column":1}},"loc":{"start":{"line":3,"column":0},"end":{"line":9,"column":1}},"line":3},"1":{"name":"useLocalStorage","decl":{"start":{"line":11,"column":31},"end":{"line":21,"column":2}},"loc":{"start":{"line":11,"column":31},"end":{"line":21,"column":2}},"line":11}},"f":{"0":14,"1":48}}
,"C:\\Users\\BelPharm33\\Desktop\\Иван\\мой файлы\\react\\react_22_07\\react\\start_react\\src\\interfaces\\resSliceAPI.ts": {"path":"C:\\Users\\BelPharm33\\Desktop\\Иван\\мой файлы\\react\\react_22_07\\react\\start_react\\src\\interfaces\\resSliceAPI.ts","all":true,"statementMap":{"14":{"start":{"line":15,"column":0},"end":{"line":15,"column":1}}},"s":{"14":0},"branchMap":{"0":{"type":"branch","line":1,"loc":{"start":{"line":1,"column":294},"end":{"line":15,"column":1}},"locations":[{"start":{"line":1,"column":294},"end":{"line":15,"column":1}}]}},"b":{"0":[1]},"fnMap":{"0":{"name":"(empty-report)","decl":{"start":{"line":1,"column":294},"end":{"line":15,"column":1}},"loc":{"start":{"line":1,"column":294},"end":{"line":15,"column":1}},"line":1}},"f":{"0":1}}
,"C:\\Users\\BelPharm33\\Desktop\\Иван\\мой файлы\\react\\react_22_07\\react\\start_react\\src\\interfaces\\todoInterface.ts": {"path":"C:\\Users\\BelPharm33\\Desktop\\Иван\\мой файлы\\react\\react_22_07\\react\\start_react\\src\\interfaces\\todoInterface.ts","all":true,"statementMap":{"8":{"start":{"line":9,"column":0},"end":{"line":9,"column":1}}},"s":{"8":0},"branchMap":{"0":{"type":"branch","line":1,"loc":{"start":{"line":1,"column":169},"end":{"line":9,"column":1}},"locations":[{"start":{"line":1,"column":169},"end":{"line":9,"column":1}}]}},"b":{"0":[1]},"fnMap":{"0":{"name":"(empty-report)","decl":{"start":{"line":1,"column":169},"end":{"line":9,"column":1}},"loc":{"start":{"line":1,"column":169},"end":{"line":9,"column":1}},"line":1}},"f":{"0":1}}
,"C:\\Users\\BelPharm33\\Desktop\\Иван\\мой файлы\\react\\react_22_07\\react\\start_react\\src\\tookitRedux\\index.ts": {"path":"C:\\Users\\BelPharm33\\Desktop\\Иван\\мой файлы\\react\\react_22_07\\react\\start_react\\src\\tookitRedux\\index.ts","all":false,"statementMap":{"0":{"start":{"line":1,"column":0},"end":{"line":1,"column":66}},"1":{"start":{"line":2,"column":0},"end":{"line":2,"column":44}},"2":{"start":{"line":3,"column":0},"end":{"line":3,"column":50}},"4":{"start":{"line":5,"column":0},"end":{"line":5,"column":37}},"5":{"start":{"line":6,"column":0},"end":{"line":6,"column":27}},"6":{"start":{"line":7,"column":0},"end":{"line":7,"column":45}},"7":{"start":{"line":8,"column":0},"end":{"line":8,"column":2}},"9":{"start":{"line":10,"column":0},"end":{"line":10,"column":37}},"10":{"start":{"line":11,"column":0},"end":{"line":11,"column":24}},"11":{"start":{"line":12,"column":0},"end":{"line":12,"column":42}},"12":{"start":{"line":13,"column":0},"end":{"line":13,"column":67}},"13":{"start":{"line":14,"column":0},"end":{"line":14,"column":2}}},"s":{"0":1,"1":1,"2":1,"4":1,"5":1,"6":1,"7":1,"9":1,"10":1,"11":1,"12":4,"13":1},"branchMap":{"0":{"type":"branch","line":12,"loc":{"start":{"line":12,"column":16},"end":{"line":13,"column":67}},"locations":[{"start":{"line":12,"column":16},"end":{"line":13,"column":67}}]}},"b":{"0":[4]},"fnMap":{"0":{"name":"middleware","decl":{"start":{"line":12,"column":16},"end":{"line":13,"column":67}},"loc":{"start":{"line":12,"column":16},"end":{"line":13,"column":67}},"line":12}},"f":{"0":4}}
,"C:\\Users\\BelPharm33\\Desktop\\Иван\\мой файлы\\react\\react_22_07\\react\\start_react\\src\\tookitRedux\\toolKitSlice.ts": {"path":"C:\\Users\\BelPharm33\\Desktop\\Иван\\мой файлы\\react\\react_22_07\\react\\start_react\\src\\tookitRedux\\toolKitSlice.ts","all":false,"statementMap":{"0":{"start":{"line":1,"column":0},"end":{"line":1,"column":47}},"7":{"start":{"line":8,"column":0},"end":{"line":8,"column":29}},"8":{"start":{"line":9,"column":0},"end":{"line":9,"column":20}},"9":{"start":{"line":10,"column":0},"end":{"line":10,"column":19}},"10":{"start":{"line":11,"column":0},"end":{"line":11,"column":17}},"11":{"start":{"line":12,"column":0},"end":{"line":12,"column":26}},"12":{"start":{"line":13,"column":0},"end":{"line":13,"column":33}},"13":{"start":{"line":14,"column":0},"end":{"line":14,"column":19}},"14":{"start":{"line":15,"column":0},"end":{"line":15,"column":6}},"15":{"start":{"line":16,"column":0},"end":{"line":16,"column":14}},"16":{"start":{"line":17,"column":0},"end":{"line":17,"column":40}},"17":{"start":{"line":18,"column":0},"end":{"line":18,"column":96}},"18":{"start":{"line":19,"column":0},"end":{"line":19,"column":83}},"19":{"start":{"line":20,"column":0},"end":{"line":20,"column":10}},"20":{"start":{"line":21,"column":0},"end":{"line":21,"column":36}},"21":{"start":{"line":22,"column":0},"end":{"line":22,"column":43}},"22":{"start":{"line":23,"column":0},"end":{"line":23,"column":10}},"23":{"start":{"line":24,"column":0},"end":{"line":24,"column":38}},"24":{"start":{"line":25,"column":0},"end":{"line":25,"column":39}},"25":{"start":{"line":26,"column":0},"end":{"line":26,"column":39}},"26":{"start":{"line":27,"column":0},"end":{"line":27,"column":10}},"27":{"start":{"line":28,"column":0},"end":{"line":28,"column":39}},"28":{"start":{"line":29,"column":0},"end":{"line":29,"column":31}},"29":{"start":{"line":30,"column":0},"end":{"line":30,"column":97}},"30":{"start":{"line":31,"column":0},"end":{"line":31,"column":10}},"31":{"start":{"line":32,"column":0},"end":{"line":32,"column":28}},"32":{"start":{"line":33,"column":0},"end":{"line":33,"column":44}},"33":{"start":{"line":34,"column":0},"end":{"line":34,"column":10}},"34":{"start":{"line":35,"column":0},"end":{"line":35,"column":5}},"35":{"start":{"line":36,"column":0},"end":{"line":36,"column":2}},"37":{"start":{"line":38,"column":0},"end":{"line":38,"column":30}},"38":{"start":{"line":39,"column":0},"end":{"line":39,"column":97}}},"s":{"0":1,"7":1,"8":1,"9":1,"10":1,"11":1,"12":1,"13":1,"14":1,"15":1,"16":1,"17":2,"18":2,"19":2,"20":1,"21":2,"22":2,"23":1,"24":1,"25":1,"26":1,"27":1,"28":0,"29":0,"30":0,"31":1,"32":0,"33":0,"34":1,"35":1,"37":1,"38":1},"branchMap":{"0":{"type":"branch","line":17,"loc":{"start":{"line":17,"column":8},"end":{"line":20,"column":10}},"locations":[{"start":{"line":17,"column":8},"end":{"line":20,"column":10}}]},"1":{"type":"branch","line":21,"loc":{"start":{"line":21,"column":8},"end":{"line":23,"column":10}},"locations":[{"start":{"line":21,"column":8},"end":{"line":23,"column":10}}]},"2":{"type":"branch","line":24,"loc":{"start":{"line":24,"column":8},"end":{"line":27,"column":10}},"locations":[{"start":{"line":24,"column":8},"end":{"line":27,"column":10}}]}},"b":{"0":[2],"1":[2],"2":[1]},"fnMap":{"0":{"name":"addPage","decl":{"start":{"line":17,"column":8},"end":{"line":20,"column":10}},"loc":{"start":{"line":17,"column":8},"end":{"line":20,"column":10}},"line":17},"1":{"name":"setCurPage","decl":{"start":{"line":21,"column":8},"end":{"line":23,"column":10}},"loc":{"start":{"line":21,"column":8},"end":{"line":23,"column":10}},"line":21},"2":{"name":"selectElement","decl":{"start":{"line":24,"column":8},"end":{"line":27,"column":10}},"loc":{"start":{"line":24,"column":8},"end":{"line":27,"column":10}},"line":24},"3":{"name":"deSelectElement","decl":{"start":{"line":28,"column":8},"end":{"line":31,"column":10}},"loc":{"start":{"line":28,"column":8},"end":{"line":31,"column":10}},"line":28},"4":{"name":"deselectAll","decl":{"start":{"line":32,"column":8},"end":{"line":34,"column":10}},"loc":{"start":{"line":32,"column":8},"end":{"line":34,"column":10}},"line":32}},"f":{"0":2,"1":2,"2":1,"3":0,"4":0}}
}
