{"C:\\Users\\Lenovo\\Desktop\\сайт\\react\\class-components_27_07\\react\\start_react\\next.config.mjs": {"path":"C:\\Users\\Lenovo\\Desktop\\сайт\\react\\class-components_27_07\\react\\start_react\\next.config.mjs","all":true,"statementMap":{"0":{"start":{"line":1,"column":0},"end":{"line":1,"column":40}},"1":{"start":{"line":2,"column":0},"end":{"line":2,"column":20}},"2":{"start":{"line":3,"column":0},"end":{"line":3,"column":74}},"3":{"start":{"line":4,"column":0},"end":{"line":4,"column":3}},"4":{"start":{"line":5,"column":0},"end":{"line":5,"column":3}},"5":{"start":{"line":6,"column":0},"end":{"line":6,"column":27}}},"s":{"0":0,"1":0,"2":0,"3":0,"4":0,"5":0},"branchMap":{"0":{"type":"branch","line":1,"loc":{"start":{"line":1,"column":0},"end":{"line":6,"column":16}},"locations":[{"start":{"line":1,"column":0},"end":{"line":6,"column":16}}]}},"b":{"0":[0]},"fnMap":{"0":{"name":"(empty-report)","decl":{"start":{"line":1,"column":0},"end":{"line":6,"column":16}},"loc":{"start":{"line":1,"column":0},"end":{"line":6,"column":16}},"line":1}},"f":{"0":0}}
,"C:\\Users\\Lenovo\\Desktop\\сайт\\react\\class-components_27_07\\react\\start_react\\src\\App.tsx": {"path":"C:\\Users\\Lenovo\\Desktop\\сайт\\react\\class-components_27_07\\react\\start_react\\src\\App.tsx","all":false,"statementMap":{"0":{"start":{"line":1,"column":0},"end":{"line":1,"column":55}},"1":{"start":{"line":2,"column":0},"end":{"line":2,"column":65}},"2":{"start":{"line":3,"column":0},"end":{"line":3,"column":45}},"3":{"start":{"line":4,"column":0},"end":{"line":4,"column":26}},"4":{"start":{"line":5,"column":0},"end":{"line":5,"column":45}},"5":{"start":{"line":6,"column":0},"end":{"line":6,"column":28}},"6":{"start":{"line":7,"column":0},"end":{"line":7,"column":52}},"7":{"start":{"line":8,"column":0},"end":{"line":8,"column":57}},"8":{"start":{"line":9,"column":0},"end":{"line":9,"column":67}},"9":{"start":{"line":10,"column":0},"end":{"line":10,"column":54}},"10":{"start":{"line":11,"column":0},"end":{"line":11,"column":57}},"12":{"start":{"line":13,"column":0},"end":{"line":13,"column":35}},"13":{"start":{"line":14,"column":0},"end":{"line":14,"column":76}},"14":{"start":{"line":15,"column":0},"end":{"line":15,"column":64}},"15":{"start":{"line":16,"column":0},"end":{"line":16,"column":22}},"16":{"start":{"line":17,"column":0},"end":{"line":17,"column":10}},"18":{"start":{"line":19,"column":0},"end":{"line":19,"column":56}},"19":{"start":{"line":20,"column":0},"end":{"line":20,"column":49}},"20":{"start":{"line":21,"column":0},"end":{"line":21,"column":67}},"21":{"start":{"line":22,"column":0},"end":{"line":22,"column":34}},"23":{"start":{"line":24,"column":0},"end":{"line":24,"column":57}},"24":{"start":{"line":25,"column":0},"end":{"line":25,"column":36}},"25":{"start":{"line":26,"column":0},"end":{"line":26,"column":19}},"26":{"start":{"line":27,"column":0},"end":{"line":27,"column":6}},"28":{"start":{"line":29,"column":0},"end":{"line":29,"column":30}},"29":{"start":{"line":30,"column":0},"end":{"line":30,"column":65}},"30":{"start":{"line":31,"column":0},"end":{"line":31,"column":49}},"31":{"start":{"line":32,"column":0},"end":{"line":32,"column":47}},"32":{"start":{"line":33,"column":0},"end":{"line":33,"column":9}},"35":{"start":{"line":36,"column":0},"end":{"line":36,"column":18}},"36":{"start":{"line":37,"column":0},"end":{"line":37,"column":36}},"37":{"start":{"line":38,"column":0},"end":{"line":38,"column":5}},"39":{"start":{"line":40,"column":0},"end":{"line":40,"column":21}},"40":{"start":{"line":41,"column":0},"end":{"line":41,"column":20}},"41":{"start":{"line":42,"column":0},"end":{"line":42,"column":21}},"42":{"start":{"line":43,"column":0},"end":{"line":43,"column":25}},"43":{"start":{"line":44,"column":0},"end":{"line":44,"column":36}},"44":{"start":{"line":45,"column":0},"end":{"line":45,"column":34}},"45":{"start":{"line":46,"column":0},"end":{"line":46,"column":43}},"46":{"start":{"line":47,"column":0},"end":{"line":47,"column":18}},"48":{"start":{"line":49,"column":0},"end":{"line":49,"column":76}},"49":{"start":{"line":50,"column":0},"end":{"line":50,"column":9}},"50":{"start":{"line":51,"column":0},"end":{"line":51,"column":15}},"52":{"start":{"line":53,"column":0},"end":{"line":53,"column":21}},"53":{"start":{"line":54,"column":0},"end":{"line":54,"column":20}},"54":{"start":{"line":55,"column":0},"end":{"line":55,"column":33}},"55":{"start":{"line":56,"column":0},"end":{"line":56,"column":9}},"56":{"start":{"line":57,"column":0},"end":{"line":57,"column":15}},"57":{"start":{"line":58,"column":0},"end":{"line":58,"column":12}},"58":{"start":{"line":59,"column":0},"end":{"line":59,"column":37}},"59":{"start":{"line":60,"column":0},"end":{"line":60,"column":41}},"60":{"start":{"line":61,"column":0},"end":{"line":61,"column":16}},"61":{"start":{"line":62,"column":0},"end":{"line":62,"column":27}},"62":{"start":{"line":63,"column":0},"end":{"line":63,"column":30}},"63":{"start":{"line":64,"column":0},"end":{"line":64,"column":60}},"64":{"start":{"line":65,"column":0},"end":{"line":65,"column":41}},"67":{"start":{"line":68,"column":0},"end":{"line":68,"column":22}},"68":{"start":{"line":69,"column":0},"end":{"line":69,"column":50}},"69":{"start":{"line":70,"column":0},"end":{"line":70,"column":39}},"70":{"start":{"line":71,"column":0},"end":{"line":71,"column":38}},"71":{"start":{"line":72,"column":0},"end":{"line":72,"column":54}},"72":{"start":{"line":73,"column":0},"end":{"line":73,"column":22}},"74":{"start":{"line":75,"column":0},"end":{"line":75,"column":45}},"75":{"start":{"line":76,"column":0},"end":{"line":76,"column":27}},"76":{"start":{"line":77,"column":0},"end":{"line":77,"column":35}},"77":{"start":{"line":78,"column":0},"end":{"line":78,"column":80}},"79":{"start":{"line":80,"column":0},"end":{"line":80,"column":40}},"80":{"start":{"line":81,"column":0},"end":{"line":81,"column":58}},"81":{"start":{"line":82,"column":0},"end":{"line":82,"column":26}},"82":{"start":{"line":83,"column":0},"end":{"line":83,"column":21}},"86":{"start":{"line":87,"column":0},"end":{"line":87,"column":23}},"87":{"start":{"line":88,"column":0},"end":{"line":88,"column":31}},"88":{"start":{"line":89,"column":0},"end":{"line":89,"column":34}},"89":{"start":{"line":90,"column":0},"end":{"line":90,"column":52}},"90":{"start":{"line":91,"column":0},"end":{"line":91,"column":58}},"92":{"start":{"line":93,"column":0},"end":{"line":93,"column":52}},"93":{"start":{"line":94,"column":0},"end":{"line":94,"column":17}},"96":{"start":{"line":97,"column":0},"end":{"line":97,"column":20}},"97":{"start":{"line":98,"column":0},"end":{"line":98,"column":31}},"98":{"start":{"line":99,"column":0},"end":{"line":99,"column":74}},"100":{"start":{"line":101,"column":0},"end":{"line":101,"column":52}},"103":{"start":{"line":104,"column":0},"end":{"line":104,"column":26}},"104":{"start":{"line":105,"column":0},"end":{"line":105,"column":80}},"107":{"start":{"line":108,"column":0},"end":{"line":108,"column":1}}},"s":{"0":1,"1":1,"2":1,"3":1,"4":1,"5":1,"6":1,"7":1,"8":1,"9":1,"10":1,"12":1,"13":63,"14":63,"15":63,"16":63,"18":63,"19":63,"20":63,"21":63,"23":63,"24":63,"25":63,"26":63,"28":63,"29":63,"30":103,"31":103,"32":103,"35":63,"36":0,"37":0,"39":62,"40":19,"41":7,"42":7,"43":7,"44":7,"45":7,"46":7,"48":7,"49":7,"50":62,"52":62,"53":21,"54":13,"55":13,"56":62,"57":62,"58":62,"59":62,"60":62,"61":62,"62":62,"63":1,"64":61,"67":63,"68":63,"69":63,"70":63,"71":2,"72":2,"74":63,"75":63,"76":63,"77":63,"79":63,"80":1,"81":1,"82":63,"86":63,"87":63,"88":63,"89":1,"90":61,"92":63,"93":63,"96":63,"97":63,"98":63,"100":63,"103":63,"104":63,"107":63},"branchMap":{"0":{"type":"branch","line":13,"loc":{"start":{"line":13,"column":7},"end":{"line":108,"column":1}},"locations":[{"start":{"line":13,"column":7},"end":{"line":108,"column":1}}]},"1":{"type":"branch","line":36,"loc":{"start":{"line":36,"column":17},"end":{"line":38,"column":5}},"locations":[{"start":{"line":36,"column":17},"end":{"line":38,"column":5}}]},"2":{"type":"branch","line":38,"loc":{"start":{"line":38,"column":4},"end":{"line":63,"column":30}},"locations":[{"start":{"line":38,"column":4},"end":{"line":63,"column":30}}]},"3":{"type":"branch","line":63,"loc":{"start":{"line":63,"column":20},"end":{"line":64,"column":60}},"locations":[{"start":{"line":63,"column":20},"end":{"line":64,"column":60}}]},"4":{"type":"branch","line":64,"loc":{"start":{"line":64,"column":26},"end":{"line":65,"column":41}},"locations":[{"start":{"line":64,"column":26},"end":{"line":65,"column":41}}]},"5":{"type":"branch","line":78,"loc":{"start":{"line":78,"column":28},"end":{"line":78,"column":56}},"locations":[{"start":{"line":78,"column":28},"end":{"line":78,"column":56}}]},"6":{"type":"branch","line":78,"loc":{"start":{"line":78,"column":41},"end":{"line":78,"column":80}},"locations":[{"start":{"line":78,"column":41},"end":{"line":78,"column":80}}]},"7":{"type":"branch","line":89,"loc":{"start":{"line":89,"column":24},"end":{"line":90,"column":52}},"locations":[{"start":{"line":89,"column":24},"end":{"line":90,"column":52}}]},"8":{"type":"branch","line":90,"loc":{"start":{"line":90,"column":30},"end":{"line":91,"column":58}},"locations":[{"start":{"line":90,"column":30},"end":{"line":91,"column":58}}]},"9":{"type":"branch","line":99,"loc":{"start":{"line":99,"column":24},"end":{"line":99,"column":62}},"locations":[{"start":{"line":99,"column":24},"end":{"line":99,"column":62}}]},"10":{"type":"branch","line":99,"loc":{"start":{"line":99,"column":37},"end":{"line":99,"column":74}},"locations":[{"start":{"line":99,"column":37},"end":{"line":99,"column":74}}]},"11":{"type":"branch","line":30,"loc":{"start":{"line":30,"column":8},"end":{"line":33,"column":9}},"locations":[{"start":{"line":30,"column":8},"end":{"line":33,"column":9}}]},"12":{"type":"branch","line":40,"loc":{"start":{"line":40,"column":14},"end":{"line":51,"column":7}},"locations":[{"start":{"line":40,"column":14},"end":{"line":51,"column":7}}]},"13":{"type":"branch","line":41,"loc":{"start":{"line":41,"column":19},"end":{"line":50,"column":9}},"locations":[{"start":{"line":41,"column":19},"end":{"line":50,"column":9}}]},"14":{"type":"branch","line":53,"loc":{"start":{"line":53,"column":14},"end":{"line":57,"column":7}},"locations":[{"start":{"line":53,"column":14},"end":{"line":57,"column":7}}]},"15":{"type":"branch","line":54,"loc":{"start":{"line":54,"column":19},"end":{"line":56,"column":9}},"locations":[{"start":{"line":54,"column":19},"end":{"line":56,"column":9}}]},"16":{"type":"branch","line":71,"loc":{"start":{"line":71,"column":30},"end":{"line":73,"column":22}},"locations":[{"start":{"line":71,"column":30},"end":{"line":73,"column":22}}]},"17":{"type":"branch","line":80,"loc":{"start":{"line":80,"column":33},"end":{"line":82,"column":26}},"locations":[{"start":{"line":80,"column":33},"end":{"line":82,"column":26}}]},"18":{"type":"branch","line":101,"loc":{"start":{"line":101,"column":29},"end":{"line":101,"column":52}},"locations":[{"start":{"line":101,"column":29},"end":{"line":101,"column":52}}]}},"b":{"0":[63],"1":[0],"2":[62],"3":[1],"4":[61],"5":[1],"6":[61],"7":[1],"8":[61],"9":[1],"10":[61],"11":[103],"12":[19],"13":[7],"14":[21],"15":[13],"16":[2],"17":[1],"18":[1]},"fnMap":{"0":{"name":"App","decl":{"start":{"line":13,"column":7},"end":{"line":108,"column":1}},"loc":{"start":{"line":13,"column":7},"end":{"line":108,"column":1}},"line":13},"1":{"name":"onChange","decl":{"start":{"line":71,"column":30},"end":{"line":73,"column":22}},"loc":{"start":{"line":71,"column":30},"end":{"line":73,"column":22}},"line":71},"2":{"name":"onClick","decl":{"start":{"line":80,"column":33},"end":{"line":82,"column":26}},"loc":{"start":{"line":80,"column":33},"end":{"line":82,"column":26}},"line":80},"3":{"name":"onClick","decl":{"start":{"line":93,"column":29},"end":{"line":93,"column":52}},"loc":{"start":{"line":93,"column":29},"end":{"line":93,"column":52}},"line":93},"4":{"name":"onClick","decl":{"start":{"line":101,"column":29},"end":{"line":101,"column":52}},"loc":{"start":{"line":101,"column":29},"end":{"line":101,"column":52}},"line":101}},"f":{"0":63,"1":2,"2":1,"3":0,"4":1}}
,"C:\\Users\\Lenovo\\Desktop\\сайт\\react\\class-components_27_07\\react\\start_react\\src\\detailSelected.tsx": {"path":"C:\\Users\\Lenovo\\Desktop\\сайт\\react\\class-components_27_07\\react\\start_react\\src\\detailSelected.tsx","all":false,"statementMap":{"0":{"start":{"line":1,"column":0},"end":{"line":1,"column":26}},"1":{"start":{"line":2,"column":0},"end":{"line":2,"column":54}},"2":{"start":{"line":3,"column":0},"end":{"line":3,"column":56}},"3":{"start":{"line":4,"column":0},"end":{"line":4,"column":49}},"4":{"start":{"line":5,"column":0},"end":{"line":5,"column":34}},"5":{"start":{"line":6,"column":0},"end":{"line":6,"column":57}},"7":{"start":{"line":8,"column":0},"end":{"line":8,"column":34}},"8":{"start":{"line":9,"column":0},"end":{"line":9,"column":51}},"9":{"start":{"line":10,"column":0},"end":{"line":10,"column":34}},"10":{"start":{"line":11,"column":0},"end":{"line":11,"column":30}},"11":{"start":{"line":12,"column":0},"end":{"line":12,"column":17}},"14":{"start":{"line":15,"column":0},"end":{"line":15,"column":32}},"15":{"start":{"line":16,"column":0},"end":{"line":16,"column":9}},"17":{"start":{"line":18,"column":0},"end":{"line":18,"column":42}},"18":{"start":{"line":19,"column":0},"end":{"line":19,"column":16}},"19":{"start":{"line":20,"column":0},"end":{"line":20,"column":16}},"20":{"start":{"line":21,"column":0},"end":{"line":21,"column":27}},"21":{"start":{"line":22,"column":0},"end":{"line":22,"column":30}},"22":{"start":{"line":23,"column":0},"end":{"line":23,"column":50}},"23":{"start":{"line":24,"column":0},"end":{"line":24,"column":62}},"26":{"start":{"line":27,"column":0},"end":{"line":27,"column":70}},"27":{"start":{"line":28,"column":0},"end":{"line":28,"column":56}},"28":{"start":{"line":29,"column":0},"end":{"line":29,"column":49}},"30":{"start":{"line":31,"column":0},"end":{"line":31,"column":45}},"31":{"start":{"line":32,"column":0},"end":{"line":32,"column":27}},"32":{"start":{"line":33,"column":0},"end":{"line":33,"column":40}},"33":{"start":{"line":34,"column":0},"end":{"line":34,"column":51}},"34":{"start":{"line":35,"column":0},"end":{"line":35,"column":26}},"35":{"start":{"line":36,"column":0},"end":{"line":36,"column":21}},"38":{"start":{"line":39,"column":0},"end":{"line":39,"column":27}},"39":{"start":{"line":40,"column":0},"end":{"line":40,"column":40}},"40":{"start":{"line":41,"column":0},"end":{"line":41,"column":57}},"41":{"start":{"line":42,"column":0},"end":{"line":42,"column":26}},"42":{"start":{"line":43,"column":0},"end":{"line":43,"column":21}},"48":{"start":{"line":49,"column":0},"end":{"line":49,"column":12}},"49":{"start":{"line":50,"column":0},"end":{"line":50,"column":16}},"50":{"start":{"line":51,"column":0},"end":{"line":51,"column":16}},"51":{"start":{"line":52,"column":0},"end":{"line":52,"column":27}},"52":{"start":{"line":53,"column":0},"end":{"line":53,"column":30}},"53":{"start":{"line":54,"column":0},"end":{"line":54,"column":56}},"54":{"start":{"line":55,"column":0},"end":{"line":55,"column":68}},"58":{"start":{"line":59,"column":0},"end":{"line":59,"column":5}},"59":{"start":{"line":60,"column":0},"end":{"line":60,"column":1}}},"s":{"0":1,"1":1,"2":1,"3":1,"4":1,"5":1,"7":1,"8":46,"9":46,"10":46,"11":46,"14":66,"15":66,"17":46,"18":12,"19":12,"20":12,"21":12,"22":1,"23":11,"26":12,"27":12,"28":12,"30":12,"31":12,"32":12,"33":0,"34":0,"35":12,"38":12,"39":12,"40":0,"41":0,"42":12,"48":46,"49":34,"50":34,"51":34,"52":34,"53":0,"54":34,"58":34,"59":46},"branchMap":{"0":{"type":"branch","line":8,"loc":{"start":{"line":8,"column":7},"end":{"line":60,"column":1}},"locations":[{"start":{"line":8,"column":7},"end":{"line":60,"column":1}}]},"1":{"type":"branch","line":18,"loc":{"start":{"line":18,"column":41},"end":{"line":49,"column":11}},"locations":[{"start":{"line":18,"column":41},"end":{"line":49,"column":11}}]},"2":{"type":"branch","line":22,"loc":{"start":{"line":22,"column":20},"end":{"line":23,"column":50}},"locations":[{"start":{"line":22,"column":20},"end":{"line":23,"column":50}}]},"3":{"type":"branch","line":23,"loc":{"start":{"line":23,"column":26},"end":{"line":24,"column":62}},"locations":[{"start":{"line":23,"column":26},"end":{"line":24,"column":62}}]},"4":{"type":"branch","line":49,"loc":{"start":{"line":49,"column":4},"end":{"line":59,"column":5}},"locations":[{"start":{"line":49,"column":4},"end":{"line":59,"column":5}}]},"5":{"type":"branch","line":53,"loc":{"start":{"line":53,"column":20},"end":{"line":54,"column":56}},"locations":[{"start":{"line":53,"column":20},"end":{"line":54,"column":56}}]},"6":{"type":"branch","line":12,"loc":{"start":{"line":12,"column":8},"end":{"line":16,"column":9}},"locations":[{"start":{"line":12,"column":8},"end":{"line":16,"column":9}}]}},"b":{"0":[46],"1":[12],"2":[1],"3":[11],"4":[34],"5":[0],"6":[66]},"fnMap":{"0":{"name":"DetailSelected","decl":{"start":{"line":8,"column":7},"end":{"line":60,"column":1}},"loc":{"start":{"line":8,"column":7},"end":{"line":60,"column":1}},"line":8},"1":{"name":"onClick","decl":{"start":{"line":33,"column":33},"end":{"line":35,"column":26}},"loc":{"start":{"line":33,"column":33},"end":{"line":35,"column":26}},"line":33},"2":{"name":"onClick","decl":{"start":{"line":40,"column":33},"end":{"line":42,"column":26}},"loc":{"start":{"line":40,"column":33},"end":{"line":42,"column":26}},"line":40}},"f":{"0":46,"1":0,"2":0}}
,"C:\\Users\\Lenovo\\Desktop\\сайт\\react\\class-components_27_07\\react\\start_react\\src\\detailsElement.tsx": {"path":"C:\\Users\\Lenovo\\Desktop\\сайт\\react\\class-components_27_07\\react\\start_react\\src\\detailsElement.tsx","all":false,"statementMap":{"0":{"start":{"line":1,"column":0},"end":{"line":1,"column":26}},"1":{"start":{"line":2,"column":0},"end":{"line":2,"column":28}},"2":{"start":{"line":3,"column":0},"end":{"line":3,"column":55}},"3":{"start":{"line":4,"column":0},"end":{"line":4,"column":57}},"4":{"start":{"line":5,"column":0},"end":{"line":5,"column":41}},"6":{"start":{"line":7,"column":0},"end":{"line":7,"column":34}},"7":{"start":{"line":8,"column":0},"end":{"line":8,"column":33}},"8":{"start":{"line":9,"column":0},"end":{"line":9,"column":80}},"9":{"start":{"line":10,"column":0},"end":{"line":10,"column":49}},"10":{"start":{"line":11,"column":0},"end":{"line":11,"column":55}},"11":{"start":{"line":12,"column":0},"end":{"line":12,"column":9}},"13":{"start":{"line":14,"column":0},"end":{"line":14,"column":51}},"14":{"start":{"line":15,"column":0},"end":{"line":15,"column":26}},"15":{"start":{"line":16,"column":0},"end":{"line":16,"column":9}},"16":{"start":{"line":17,"column":0},"end":{"line":17,"column":24}},"17":{"start":{"line":18,"column":0},"end":{"line":18,"column":26}},"18":{"start":{"line":19,"column":0},"end":{"line":19,"column":24}},"19":{"start":{"line":20,"column":0},"end":{"line":20,"column":30}},"20":{"start":{"line":21,"column":0},"end":{"line":21,"column":30}},"21":{"start":{"line":22,"column":0},"end":{"line":22,"column":29}},"22":{"start":{"line":23,"column":0},"end":{"line":23,"column":30}},"23":{"start":{"line":24,"column":0},"end":{"line":24,"column":26}},"24":{"start":{"line":25,"column":0},"end":{"line":25,"column":10}},"25":{"start":{"line":26,"column":0},"end":{"line":26,"column":5}},"26":{"start":{"line":27,"column":0},"end":{"line":27,"column":65}},"27":{"start":{"line":28,"column":0},"end":{"line":28,"column":21}},"28":{"start":{"line":29,"column":0},"end":{"line":29,"column":22}},"29":{"start":{"line":30,"column":0},"end":{"line":30,"column":25}},"30":{"start":{"line":31,"column":0},"end":{"line":31,"column":32}},"31":{"start":{"line":32,"column":0},"end":{"line":32,"column":47}},"32":{"start":{"line":33,"column":0},"end":{"line":33,"column":37}},"33":{"start":{"line":34,"column":0},"end":{"line":34,"column":69}},"36":{"start":{"line":37,"column":0},"end":{"line":37,"column":9}},"37":{"start":{"line":38,"column":0},"end":{"line":38,"column":17}},"38":{"start":{"line":39,"column":0},"end":{"line":39,"column":60}},"39":{"start":{"line":40,"column":0},"end":{"line":40,"column":12}},"40":{"start":{"line":41,"column":0},"end":{"line":41,"column":12}},"41":{"start":{"line":42,"column":0},"end":{"line":42,"column":23}},"42":{"start":{"line":43,"column":0},"end":{"line":43,"column":76}},"45":{"start":{"line":46,"column":0},"end":{"line":46,"column":69}},"46":{"start":{"line":47,"column":0},"end":{"line":47,"column":73}},"47":{"start":{"line":48,"column":0},"end":{"line":48,"column":77}},"48":{"start":{"line":49,"column":0},"end":{"line":49,"column":73}},"49":{"start":{"line":50,"column":0},"end":{"line":50,"column":42}},"50":{"start":{"line":51,"column":0},"end":{"line":51,"column":53}},"52":{"start":{"line":53,"column":0},"end":{"line":53,"column":42}},"53":{"start":{"line":54,"column":0},"end":{"line":54,"column":53}},"55":{"start":{"line":56,"column":0},"end":{"line":56,"column":42}},"56":{"start":{"line":57,"column":0},"end":{"line":57,"column":51}},"58":{"start":{"line":59,"column":0},"end":{"line":59,"column":42}},"59":{"start":{"line":60,"column":0},"end":{"line":60,"column":53}},"61":{"start":{"line":62,"column":0},"end":{"line":62,"column":77}},"62":{"start":{"line":63,"column":0},"end":{"line":63,"column":66}},"63":{"start":{"line":64,"column":0},"end":{"line":64,"column":38}},"67":{"start":{"line":68,"column":0},"end":{"line":68,"column":1}}},"s":{"0":1,"1":1,"2":1,"3":1,"4":1,"6":1,"7":5,"8":5,"9":4,"10":4,"11":4,"13":5,"14":5,"15":5,"16":5,"17":5,"18":5,"19":5,"20":5,"21":5,"22":5,"23":5,"24":5,"25":5,"26":5,"27":5,"28":0,"29":0,"30":0,"31":0,"32":0,"33":0,"36":0,"37":5,"38":5,"39":5,"40":5,"41":5,"42":5,"45":5,"46":5,"47":5,"48":5,"49":5,"50":5,"52":5,"53":5,"55":5,"56":5,"58":5,"59":5,"61":5,"62":5,"63":5,"67":5},"branchMap":{"0":{"type":"branch","line":7,"loc":{"start":{"line":7,"column":7},"end":{"line":68,"column":1}},"locations":[{"start":{"line":7,"column":7},"end":{"line":68,"column":1}}]},"1":{"type":"branch","line":43,"loc":{"start":{"line":43,"column":16},"end":{"line":43,"column":48}},"locations":[{"start":{"line":43,"column":16},"end":{"line":43,"column":48}}]},"2":{"type":"branch","line":43,"loc":{"start":{"line":43,"column":29},"end":{"line":43,"column":76}},"locations":[{"start":{"line":43,"column":29},"end":{"line":43,"column":76}}]},"3":{"type":"branch","line":9,"loc":{"start":{"line":9,"column":8},"end":{"line":12,"column":9}},"locations":[{"start":{"line":9,"column":8},"end":{"line":12,"column":9}}]}},"b":{"0":[5],"1":[0],"2":[0],"3":[4]},"fnMap":{"0":{"name":"DatailsElement","decl":{"start":{"line":7,"column":7},"end":{"line":68,"column":1}},"loc":{"start":{"line":7,"column":7},"end":{"line":68,"column":1}},"line":7}},"f":{"0":5}}
,"C:\\Users\\Lenovo\\Desktop\\сайт\\react\\class-components_27_07\\react\\start_react\\src\\mainWraper.tsx": {"path":"C:\\Users\\Lenovo\\Desktop\\сайт\\react\\class-components_27_07\\react\\start_react\\src\\mainWraper.tsx","all":false,"statementMap":{"0":{"start":{"line":1,"column":0},"end":{"line":1,"column":26}},"1":{"start":{"line":2,"column":0},"end":{"line":2,"column":43}},"2":{"start":{"line":3,"column":0},"end":{"line":3,"column":28}},"3":{"start":{"line":4,"column":0},"end":{"line":4,"column":45}},"4":{"start":{"line":5,"column":0},"end":{"line":5,"column":49}},"5":{"start":{"line":6,"column":0},"end":{"line":6,"column":41}},"6":{"start":{"line":7,"column":0},"end":{"line":7,"column":55}},"7":{"start":{"line":8,"column":0},"end":{"line":8,"column":57}},"9":{"start":{"line":10,"column":0},"end":{"line":10,"column":53}},"11":{"start":{"line":12,"column":0},"end":{"line":12,"column":30}},"12":{"start":{"line":13,"column":0},"end":{"line":13,"column":62}},"13":{"start":{"line":14,"column":0},"end":{"line":14,"column":51}},"14":{"start":{"line":15,"column":0},"end":{"line":15,"column":39}},"15":{"start":{"line":16,"column":0},"end":{"line":16,"column":65}},"16":{"start":{"line":17,"column":0},"end":{"line":17,"column":49}},"17":{"start":{"line":18,"column":0},"end":{"line":18,"column":47}},"18":{"start":{"line":19,"column":0},"end":{"line":19,"column":9}},"21":{"start":{"line":22,"column":0},"end":{"line":22,"column":21}},"22":{"start":{"line":23,"column":0},"end":{"line":23,"column":68}},"23":{"start":{"line":24,"column":0},"end":{"line":24,"column":9}},"24":{"start":{"line":25,"column":0},"end":{"line":25,"column":29}},"27":{"start":{"line":28,"column":0},"end":{"line":28,"column":39}},"28":{"start":{"line":29,"column":0},"end":{"line":29,"column":59}},"29":{"start":{"line":30,"column":0},"end":{"line":30,"column":20}},"30":{"start":{"line":31,"column":0},"end":{"line":31,"column":21}},"31":{"start":{"line":32,"column":0},"end":{"line":32,"column":81}},"32":{"start":{"line":33,"column":0},"end":{"line":33,"column":35}},"34":{"start":{"line":35,"column":0},"end":{"line":35,"column":24}},"35":{"start":{"line":36,"column":0},"end":{"line":36,"column":35}},"36":{"start":{"line":37,"column":0},"end":{"line":37,"column":80}},"38":{"start":{"line":39,"column":0},"end":{"line":39,"column":40}},"39":{"start":{"line":40,"column":0},"end":{"line":40,"column":49}},"40":{"start":{"line":41,"column":0},"end":{"line":41,"column":56}},"41":{"start":{"line":42,"column":0},"end":{"line":42,"column":41}},"43":{"start":{"line":44,"column":0},"end":{"line":44,"column":26}},"45":{"start":{"line":46,"column":0},"end":{"line":46,"column":74}},"46":{"start":{"line":47,"column":0},"end":{"line":47,"column":80}},"47":{"start":{"line":48,"column":0},"end":{"line":48,"column":74}},"48":{"start":{"line":49,"column":0},"end":{"line":49,"column":33}},"49":{"start":{"line":50,"column":0},"end":{"line":50,"column":34}},"50":{"start":{"line":51,"column":0},"end":{"line":51,"column":48}},"51":{"start":{"line":52,"column":0},"end":{"line":52,"column":30}},"56":{"start":{"line":57,"column":0},"end":{"line":57,"column":10}},"57":{"start":{"line":58,"column":0},"end":{"line":58,"column":16}},"58":{"start":{"line":59,"column":0},"end":{"line":59,"column":16}},"59":{"start":{"line":60,"column":0},"end":{"line":60,"column":27}},"60":{"start":{"line":61,"column":0},"end":{"line":61,"column":30}},"61":{"start":{"line":62,"column":0},"end":{"line":62,"column":48}},"62":{"start":{"line":63,"column":0},"end":{"line":63,"column":74}},"65":{"start":{"line":66,"column":0},"end":{"line":66,"column":34}},"66":{"start":{"line":67,"column":0},"end":{"line":67,"column":70}},"67":{"start":{"line":68,"column":0},"end":{"line":68,"column":75}},"69":{"start":{"line":70,"column":0},"end":{"line":70,"column":48}},"70":{"start":{"line":71,"column":0},"end":{"line":71,"column":56}},"74":{"start":{"line":75,"column":0},"end":{"line":75,"column":5}},"75":{"start":{"line":76,"column":0},"end":{"line":76,"column":1}}},"s":{"0":1,"1":1,"2":1,"3":1,"4":1,"5":1,"6":1,"7":1,"9":1,"11":1,"12":71,"13":71,"14":71,"15":71,"16":104,"17":104,"18":104,"21":71,"22":17,"23":17,"24":71,"27":71,"28":44,"29":341,"30":341,"31":341,"32":341,"34":341,"35":341,"36":341,"38":341,"39":0,"40":0,"41":0,"43":0,"45":341,"46":341,"47":341,"48":341,"49":341,"50":341,"51":341,"56":341,"57":44,"58":44,"59":44,"60":44,"61":1,"62":43,"65":44,"66":44,"67":44,"69":44,"70":44,"74":44,"75":71},"branchMap":{"0":{"type":"branch","line":12,"loc":{"start":{"line":12,"column":7},"end":{"line":76,"column":1}},"locations":[{"start":{"line":12,"column":7},"end":{"line":76,"column":1}}]},"1":{"type":"branch","line":28,"loc":{"start":{"line":28,"column":8},"end":{"line":28,"column":36}},"locations":[{"start":{"line":28,"column":8},"end":{"line":28,"column":36}}]},"2":{"type":"branch","line":28,"loc":{"start":{"line":28,"column":38},"end":{"line":75,"column":5}},"locations":[{"start":{"line":28,"column":38},"end":{"line":75,"column":5}}]},"3":{"type":"branch","line":61,"loc":{"start":{"line":61,"column":20},"end":{"line":62,"column":48}},"locations":[{"start":{"line":61,"column":20},"end":{"line":62,"column":48}}]},"4":{"type":"branch","line":62,"loc":{"start":{"line":62,"column":26},"end":{"line":63,"column":74}},"locations":[{"start":{"line":62,"column":26},"end":{"line":63,"column":74}}]},"5":{"type":"branch","line":71,"loc":{"start":{"line":71,"column":17},"end":{"line":71,"column":56}},"locations":[{"start":{"line":71,"column":17},"end":{"line":71,"column":56}}]},"6":{"type":"branch","line":16,"loc":{"start":{"line":16,"column":8},"end":{"line":19,"column":9}},"locations":[{"start":{"line":16,"column":8},"end":{"line":19,"column":9}}]},"7":{"type":"branch","line":22,"loc":{"start":{"line":22,"column":14},"end":{"line":24,"column":9}},"locations":[{"start":{"line":22,"column":14},"end":{"line":24,"column":9}}]},"8":{"type":"branch","line":29,"loc":{"start":{"line":29,"column":48},"end":{"line":57,"column":10}},"locations":[{"start":{"line":29,"column":48},"end":{"line":57,"column":10}}]},"9":{"type":"branch","line":37,"loc":{"start":{"line":37,"column":28},"end":{"line":37,"column":57}},"locations":[{"start":{"line":37,"column":28},"end":{"line":37,"column":57}}]},"10":{"type":"branch","line":37,"loc":{"start":{"line":37,"column":41},"end":{"line":37,"column":80}},"locations":[{"start":{"line":37,"column":41},"end":{"line":37,"column":80}}]}},"b":{"0":[71],"1":[44],"2":[44],"3":[1],"4":[43],"5":[0],"6":[104],"7":[17],"8":[341],"9":[10],"10":[331]},"fnMap":{"0":{"name":"MainWraper","decl":{"start":{"line":12,"column":7},"end":{"line":76,"column":1}},"loc":{"start":{"line":12,"column":7},"end":{"line":76,"column":1}},"line":12},"1":{"name":"onClick","decl":{"start":{"line":39,"column":33},"end":{"line":44,"column":26}},"loc":{"start":{"line":39,"column":33},"end":{"line":44,"column":26}},"line":39}},"f":{"0":71,"1":0}}
,"C:\\Users\\Lenovo\\Desktop\\сайт\\react\\class-components_27_07\\react\\start_react\\src\\pagination.tsx": {"path":"C:\\Users\\Lenovo\\Desktop\\сайт\\react\\class-components_27_07\\react\\start_react\\src\\pagination.tsx","all":false,"statementMap":{"0":{"start":{"line":1,"column":0},"end":{"line":1,"column":25}},"1":{"start":{"line":2,"column":0},"end":{"line":2,"column":44}},"2":{"start":{"line":3,"column":0},"end":{"line":3,"column":57}},"3":{"start":{"line":4,"column":0},"end":{"line":4,"column":28}},"5":{"start":{"line":6,"column":0},"end":{"line":6,"column":34}},"7":{"start":{"line":8,"column":0},"end":{"line":8,"column":4}},"8":{"start":{"line":9,"column":0},"end":{"line":9,"column":51}},"9":{"start":{"line":10,"column":0},"end":{"line":10,"column":49}},"10":{"start":{"line":11,"column":0},"end":{"line":11,"column":28}},"11":{"start":{"line":12,"column":0},"end":{"line":12,"column":37}},"12":{"start":{"line":13,"column":0},"end":{"line":13,"column":63}},"13":{"start":{"line":14,"column":0},"end":{"line":14,"column":38}},"14":{"start":{"line":15,"column":0},"end":{"line":15,"column":35}},"15":{"start":{"line":16,"column":0},"end":{"line":16,"column":25}},"16":{"start":{"line":17,"column":0},"end":{"line":17,"column":59}},"17":{"start":{"line":18,"column":0},"end":{"line":18,"column":53}},"18":{"start":{"line":19,"column":0},"end":{"line":19,"column":72}},"19":{"start":{"line":20,"column":0},"end":{"line":20,"column":52}},"21":{"start":{"line":22,"column":0},"end":{"line":22,"column":31}},"24":{"start":{"line":25,"column":0},"end":{"line":25,"column":20}},"25":{"start":{"line":26,"column":0},"end":{"line":26,"column":35}},"26":{"start":{"line":27,"column":0},"end":{"line":27,"column":29}},"27":{"start":{"line":28,"column":0},"end":{"line":28,"column":59}},"28":{"start":{"line":29,"column":0},"end":{"line":29,"column":50}},"29":{"start":{"line":30,"column":0},"end":{"line":30,"column":26}},"30":{"start":{"line":31,"column":0},"end":{"line":31,"column":54}},"31":{"start":{"line":32,"column":0},"end":{"line":32,"column":50}},"32":{"start":{"line":33,"column":0},"end":{"line":33,"column":53}},"34":{"start":{"line":35,"column":0},"end":{"line":35,"column":31}},"37":{"start":{"line":38,"column":0},"end":{"line":38,"column":13}},"38":{"start":{"line":39,"column":0},"end":{"line":39,"column":9}},"39":{"start":{"line":40,"column":0},"end":{"line":40,"column":5}},"41":{"start":{"line":42,"column":0},"end":{"line":42,"column":12}},"42":{"start":{"line":43,"column":0},"end":{"line":43,"column":12}},"43":{"start":{"line":44,"column":0},"end":{"line":44,"column":23}},"44":{"start":{"line":45,"column":0},"end":{"line":45,"column":26}},"45":{"start":{"line":46,"column":0},"end":{"line":46,"column":41}},"46":{"start":{"line":47,"column":0},"end":{"line":47,"column":57}},"49":{"start":{"line":50,"column":0},"end":{"line":50,"column":27}},"52":{"start":{"line":53,"column":0},"end":{"line":53,"column":1}}},"s":{"0":1,"1":1,"2":1,"3":1,"5":1,"7":64,"8":64,"9":64,"10":64,"11":64,"12":24,"13":210,"14":24,"15":24,"16":24,"17":24,"18":24,"19":24,"21":24,"24":210,"25":186,"26":186,"27":186,"28":0,"29":0,"30":186,"31":186,"32":186,"34":186,"37":186,"38":210,"39":210,"41":64,"42":64,"43":64,"44":64,"45":1,"46":63,"49":64,"52":64},"branchMap":{"0":{"type":"branch","line":6,"loc":{"start":{"line":6,"column":7},"end":{"line":53,"column":1}},"locations":[{"start":{"line":6,"column":7},"end":{"line":53,"column":1}}]},"1":{"type":"branch","line":12,"loc":{"start":{"line":12,"column":36},"end":{"line":40,"column":5}},"locations":[{"start":{"line":12,"column":36},"end":{"line":40,"column":5}}]},"2":{"type":"branch","line":13,"loc":{"start":{"line":13,"column":62},"end":{"line":40,"column":5}},"locations":[{"start":{"line":13,"column":62},"end":{"line":40,"column":5}}]},"3":{"type":"branch","line":14,"loc":{"start":{"line":14,"column":37},"end":{"line":25,"column":19}},"locations":[{"start":{"line":14,"column":37},"end":{"line":25,"column":19}}]},"4":{"type":"branch","line":25,"loc":{"start":{"line":25,"column":12},"end":{"line":38,"column":13}},"locations":[{"start":{"line":25,"column":12},"end":{"line":38,"column":13}}]},"5":{"type":"branch","line":45,"loc":{"start":{"line":45,"column":16},"end":{"line":46,"column":41}},"locations":[{"start":{"line":45,"column":16},"end":{"line":46,"column":41}}]},"6":{"type":"branch","line":46,"loc":{"start":{"line":46,"column":22},"end":{"line":47,"column":57}},"locations":[{"start":{"line":46,"column":22},"end":{"line":47,"column":57}}]}},"b":{"0":[64],"1":[24],"2":[210],"3":[24],"4":[186],"5":[1],"6":[63]},"fnMap":{"0":{"name":"Pagination","decl":{"start":{"line":6,"column":7},"end":{"line":53,"column":1}},"loc":{"start":{"line":6,"column":7},"end":{"line":53,"column":1}},"line":6},"1":{"name":"onClick","decl":{"start":{"line":17,"column":33},"end":{"line":17,"column":59}},"loc":{"start":{"line":17,"column":33},"end":{"line":17,"column":59}},"line":17},"2":{"name":"onClick","decl":{"start":{"line":28,"column":33},"end":{"line":30,"column":26}},"loc":{"start":{"line":28,"column":33},"end":{"line":30,"column":26}},"line":28}},"f":{"0":64,"1":0,"2":0}}
,"C:\\Users\\Lenovo\\Desktop\\сайт\\react\\class-components_27_07\\react\\start_react\\src\\APIRequests\\sliceAPI.ts": {"path":"C:\\Users\\Lenovo\\Desktop\\сайт\\react\\class-components_27_07\\react\\start_react\\src\\APIRequests\\sliceAPI.ts","all":false,"statementMap":{"0":{"start":{"line":1,"column":0},"end":{"line":1,"column":72}},"3":{"start":{"line":4,"column":0},"end":{"line":4,"column":35}},"4":{"start":{"line":5,"column":0},"end":{"line":5,"column":23}},"5":{"start":{"line":6,"column":0},"end":{"line":6,"column":77}},"6":{"start":{"line":7,"column":0},"end":{"line":7,"column":24}},"7":{"start":{"line":8,"column":0},"end":{"line":8,"column":30}},"8":{"start":{"line":9,"column":0},"end":{"line":9,"column":33}},"9":{"start":{"line":10,"column":0},"end":{"line":10,"column":112}},"10":{"start":{"line":11,"column":0},"end":{"line":11,"column":53}},"11":{"start":{"line":12,"column":0},"end":{"line":12,"column":55}},"12":{"start":{"line":13,"column":0},"end":{"line":13,"column":42}},"13":{"start":{"line":14,"column":0},"end":{"line":14,"column":31}},"14":{"start":{"line":15,"column":0},"end":{"line":15,"column":18}},"15":{"start":{"line":16,"column":0},"end":{"line":16,"column":26}},"16":{"start":{"line":17,"column":0},"end":{"line":17,"column":14}},"17":{"start":{"line":18,"column":0},"end":{"line":18,"column":35}},"18":{"start":{"line":19,"column":0},"end":{"line":19,"column":11}},"19":{"start":{"line":20,"column":0},"end":{"line":20,"column":7}},"20":{"start":{"line":21,"column":0},"end":{"line":21,"column":2}},"22":{"start":{"line":23,"column":0},"end":{"line":23,"column":14}},"23":{"start":{"line":24,"column":0},"end":{"line":24,"column":21}},"24":{"start":{"line":25,"column":0},"end":{"line":25,"column":12}}},"s":{"0":1,"3":1,"4":1,"5":1,"6":1,"7":1,"8":4,"9":4,"10":4,"11":5,"12":12,"13":12,"14":12,"15":5,"16":5,"17":4,"18":4,"19":4,"20":1,"22":1,"23":1,"24":1},"branchMap":{"0":{"type":"branch","line":8,"loc":{"start":{"line":8,"column":15},"end":{"line":20,"column":7}},"locations":[{"start":{"line":8,"column":15},"end":{"line":20,"column":7}}]},"1":{"type":"branch","line":10,"loc":{"start":{"line":10,"column":19},"end":{"line":10,"column":111}},"locations":[{"start":{"line":10,"column":19},"end":{"line":10,"column":111}}]},"2":{"type":"branch","line":11,"loc":{"start":{"line":11,"column":31},"end":{"line":17,"column":14}},"locations":[{"start":{"line":11,"column":31},"end":{"line":17,"column":14}}]},"3":{"type":"branch","line":12,"loc":{"start":{"line":12,"column":46},"end":{"line":15,"column":18}},"locations":[{"start":{"line":12,"column":46},"end":{"line":15,"column":18}}]}},"b":{"0":[4],"1":[7],"2":[5],"3":[12]},"fnMap":{"0":{"name":"endpoints","decl":{"start":{"line":8,"column":15},"end":{"line":20,"column":7}},"loc":{"start":{"line":8,"column":15},"end":{"line":20,"column":7}},"line":8},"1":{"name":"query","decl":{"start":{"line":10,"column":19},"end":{"line":10,"column":111}},"loc":{"start":{"line":10,"column":19},"end":{"line":10,"column":111}},"line":10},"2":{"name":"transformResponse","decl":{"start":{"line":11,"column":31},"end":{"line":17,"column":14}},"loc":{"start":{"line":11,"column":31},"end":{"line":17,"column":14}},"line":11}},"f":{"0":4,"1":7,"2":5}}
,"C:\\Users\\Lenovo\\Desktop\\сайт\\react\\class-components_27_07\\react\\start_react\\src\\Page_404\\page_404.tsx": {"path":"C:\\Users\\Lenovo\\Desktop\\сайт\\react\\class-components_27_07\\react\\start_react\\src\\Page_404\\page_404.tsx","all":false,"statementMap":{"0":{"start":{"line":1,"column":0},"end":{"line":1,"column":24}},"1":{"start":{"line":2,"column":0},"end":{"line":2,"column":41}},"3":{"start":{"line":4,"column":0},"end":{"line":4,"column":27}},"4":{"start":{"line":5,"column":0},"end":{"line":5,"column":12}},"5":{"start":{"line":6,"column":0},"end":{"line":6,"column":36}},"6":{"start":{"line":7,"column":0},"end":{"line":7,"column":17}},"7":{"start":{"line":8,"column":0},"end":{"line":8,"column":51}},"8":{"start":{"line":9,"column":0},"end":{"line":9,"column":62}},"10":{"start":{"line":11,"column":0},"end":{"line":11,"column":61}},"13":{"start":{"line":14,"column":0},"end":{"line":14,"column":1}}},"s":{"0":1,"1":1,"3":1,"4":1,"5":1,"6":1,"7":1,"8":1,"10":1,"13":1},"branchMap":{"0":{"type":"branch","line":4,"loc":{"start":{"line":4,"column":7},"end":{"line":14,"column":1}},"locations":[{"start":{"line":4,"column":7},"end":{"line":14,"column":1}}]}},"b":{"0":[1]},"fnMap":{"0":{"name":"Page404","decl":{"start":{"line":4,"column":7},"end":{"line":14,"column":1}},"loc":{"start":{"line":4,"column":7},"end":{"line":14,"column":1}},"line":4}},"f":{"0":1}}
,"C:\\Users\\Lenovo\\Desktop\\сайт\\react\\class-components_27_07\\react\\start_react\\src\\app\\layout.tsx": {"path":"C:\\Users\\Lenovo\\Desktop\\сайт\\react\\class-components_27_07\\react\\start_react\\src\\app\\layout.tsx","all":true,"statementMap":{"0":{"start":{"line":1,"column":0},"end":{"line":1,"column":36}},"3":{"start":{"line":4,"column":0},"end":{"line":4,"column":35}},"4":{"start":{"line":5,"column":0},"end":{"line":5,"column":28}},"5":{"start":{"line":6,"column":0},"end":{"line":6,"column":32}},"6":{"start":{"line":7,"column":0},"end":{"line":7,"column":1}},"8":{"start":{"line":9,"column":0},"end":{"line":9,"column":36}},"9":{"start":{"line":10,"column":0},"end":{"line":10,"column":12}},"12":{"start":{"line":13,"column":0},"end":{"line":13,"column":6}},"13":{"start":{"line":14,"column":0},"end":{"line":14,"column":12}},"14":{"start":{"line":15,"column":0},"end":{"line":15,"column":22}},"15":{"start":{"line":16,"column":0},"end":{"line":16,"column":12}},"16":{"start":{"line":17,"column":0},"end":{"line":17,"column":39}},"21":{"start":{"line":22,"column":0},"end":{"line":22,"column":3}}},"s":{"0":0,"3":0,"4":0,"5":0,"6":0,"8":0,"9":0,"12":0,"13":0,"14":0,"15":0,"16":0,"21":0},"branchMap":{"0":{"type":"branch","line":1,"loc":{"start":{"line":1,"column":0},"end":{"line":22,"column":-120}},"locations":[{"start":{"line":1,"column":0},"end":{"line":22,"column":-120}}]}},"b":{"0":[0]},"fnMap":{"0":{"name":"(empty-report)","decl":{"start":{"line":1,"column":0},"end":{"line":22,"column":-120}},"loc":{"start":{"line":1,"column":0},"end":{"line":22,"column":-120}},"line":1}},"f":{"0":0}}
,"C:\\Users\\Lenovo\\Desktop\\сайт\\react\\class-components_27_07\\react\\start_react\\src\\app\\page.tsx": {"path":"C:\\Users\\Lenovo\\Desktop\\сайт\\react\\class-components_27_07\\react\\start_react\\src\\app\\page.tsx","all":true,"statementMap":{"0":{"start":{"line":1,"column":0},"end":{"line":1,"column":13}},"2":{"start":{"line":3,"column":0},"end":{"line":3,"column":25}},"3":{"start":{"line":4,"column":0},"end":{"line":4,"column":62}},"4":{"start":{"line":5,"column":0},"end":{"line":5,"column":48}},"5":{"start":{"line":6,"column":0},"end":{"line":6,"column":38}},"6":{"start":{"line":7,"column":0},"end":{"line":7,"column":47}},"7":{"start":{"line":8,"column":0},"end":{"line":8,"column":59}},"8":{"start":{"line":9,"column":0},"end":{"line":9,"column":32}},"10":{"start":{"line":11,"column":0},"end":{"line":11,"column":21}},"11":{"start":{"line":12,"column":0},"end":{"line":12,"column":14}},"12":{"start":{"line":13,"column":0},"end":{"line":13,"column":26}},"13":{"start":{"line":14,"column":0},"end":{"line":14,"column":25}},"14":{"start":{"line":15,"column":0},"end":{"line":15,"column":36}},"15":{"start":{"line":16,"column":0},"end":{"line":16,"column":31}},"16":{"start":{"line":17,"column":0},"end":{"line":17,"column":35}},"17":{"start":{"line":18,"column":0},"end":{"line":18,"column":31}},"24":{"start":{"line":25,"column":0},"end":{"line":25,"column":3}},"25":{"start":{"line":26,"column":0},"end":{"line":26,"column":26}}},"s":{"0":0,"2":0,"3":0,"4":0,"5":0,"6":0,"7":0,"8":0,"10":0,"11":0,"12":0,"13":0,"14":0,"15":0,"16":0,"17":0,"24":0,"25":0},"branchMap":{"0":{"type":"branch","line":1,"loc":{"start":{"line":1,"column":767},"end":{"line":26,"column":26}},"locations":[{"start":{"line":1,"column":767},"end":{"line":26,"column":26}}]}},"b":{"0":[0]},"fnMap":{"0":{"name":"(empty-report)","decl":{"start":{"line":1,"column":767},"end":{"line":26,"column":26}},"loc":{"start":{"line":1,"column":767},"end":{"line":26,"column":26}},"line":1}},"f":{"0":0}}
,"C:\\Users\\Lenovo\\Desktop\\сайт\\react\\class-components_27_07\\react\\start_react\\src\\app\\react\\[numPage]\\page.jsx": {"path":"C:\\Users\\Lenovo\\Desktop\\сайт\\react\\class-components_27_07\\react\\start_react\\src\\app\\react\\[numPage]\\page.jsx","all":false,"statementMap":{"0":{"start":{"line":1,"column":0},"end":{"line":1,"column":0}},"1":{"start":{"line":2,"column":0},"end":{"line":2,"column":13}},"3":{"start":{"line":4,"column":0},"end":{"line":4,"column":25}},"4":{"start":{"line":5,"column":0},"end":{"line":5,"column":68}},"5":{"start":{"line":6,"column":0},"end":{"line":6,"column":48}},"6":{"start":{"line":7,"column":0},"end":{"line":7,"column":38}},"7":{"start":{"line":8,"column":0},"end":{"line":8,"column":53}},"8":{"start":{"line":9,"column":0},"end":{"line":9,"column":65}},"9":{"start":{"line":10,"column":0},"end":{"line":10,"column":38}},"11":{"start":{"line":12,"column":0},"end":{"line":12,"column":29}},"12":{"start":{"line":13,"column":0},"end":{"line":13,"column":59}},"13":{"start":{"line":14,"column":0},"end":{"line":14,"column":14}},"14":{"start":{"line":15,"column":0},"end":{"line":15,"column":26}},"15":{"start":{"line":16,"column":0},"end":{"line":16,"column":25}},"16":{"start":{"line":17,"column":0},"end":{"line":17,"column":36}},"17":{"start":{"line":18,"column":0},"end":{"line":18,"column":31}},"18":{"start":{"line":19,"column":0},"end":{"line":19,"column":35}},"19":{"start":{"line":20,"column":0},"end":{"line":20,"column":45}},"26":{"start":{"line":27,"column":0},"end":{"line":27,"column":3}},"27":{"start":{"line":28,"column":0},"end":{"line":28,"column":26}}},"s":{"0":1,"1":1,"3":1,"4":1,"5":1,"6":1,"7":1,"8":1,"9":1,"11":1,"12":1,"13":1,"14":1,"15":1,"16":1,"17":1,"18":1,"19":1,"26":1,"27":1},"branchMap":{"0":{"type":"branch","line":12,"loc":{"start":{"line":12,"column":0},"end":{"line":27,"column":3}},"locations":[{"start":{"line":12,"column":0},"end":{"line":27,"column":3}}]}},"b":{"0":[1]},"fnMap":{"0":{"name":"HomePage","decl":{"start":{"line":12,"column":0},"end":{"line":27,"column":3}},"loc":{"start":{"line":12,"column":0},"end":{"line":27,"column":3}},"line":12}},"f":{"0":1}}
,"C:\\Users\\Lenovo\\Desktop\\сайт\\react\\class-components_27_07\\react\\start_react\\src\\app\\react\\[numPage]\\datails\\page.jsx": {"path":"C:\\Users\\Lenovo\\Desktop\\сайт\\react\\class-components_27_07\\react\\start_react\\src\\app\\react\\[numPage]\\datails\\page.jsx","all":true,"statementMap":{"0":{"start":{"line":1,"column":0},"end":{"line":1,"column":0}},"1":{"start":{"line":2,"column":0},"end":{"line":2,"column":13}},"3":{"start":{"line":4,"column":0},"end":{"line":4,"column":25}},"4":{"start":{"line":5,"column":0},"end":{"line":5,"column":71}},"5":{"start":{"line":6,"column":0},"end":{"line":6,"column":48}},"6":{"start":{"line":7,"column":0},"end":{"line":7,"column":38}},"7":{"start":{"line":8,"column":0},"end":{"line":8,"column":56}},"8":{"start":{"line":9,"column":0},"end":{"line":9,"column":68}},"9":{"start":{"line":10,"column":0},"end":{"line":10,"column":41}},"11":{"start":{"line":12,"column":0},"end":{"line":12,"column":29}},"12":{"start":{"line":13,"column":0},"end":{"line":13,"column":61}},"13":{"start":{"line":14,"column":0},"end":{"line":14,"column":14}},"14":{"start":{"line":15,"column":0},"end":{"line":15,"column":26}},"15":{"start":{"line":16,"column":0},"end":{"line":16,"column":25}},"16":{"start":{"line":17,"column":0},"end":{"line":17,"column":36}},"17":{"start":{"line":18,"column":0},"end":{"line":18,"column":31}},"18":{"start":{"line":19,"column":0},"end":{"line":19,"column":35}},"19":{"start":{"line":20,"column":0},"end":{"line":20,"column":45}},"26":{"start":{"line":27,"column":0},"end":{"line":27,"column":3}},"27":{"start":{"line":28,"column":0},"end":{"line":28,"column":26}}},"s":{"0":0,"1":0,"3":0,"4":0,"5":0,"6":0,"7":0,"8":0,"9":0,"11":0,"12":0,"13":0,"14":0,"15":0,"16":0,"17":0,"18":0,"19":0,"26":0,"27":0},"branchMap":{"0":{"type":"branch","line":1,"loc":{"start":{"line":1,"column":890},"end":{"line":28,"column":26}},"locations":[{"start":{"line":1,"column":890},"end":{"line":28,"column":26}}]}},"b":{"0":[0]},"fnMap":{"0":{"name":"(empty-report)","decl":{"start":{"line":1,"column":890},"end":{"line":28,"column":26}},"loc":{"start":{"line":1,"column":890},"end":{"line":28,"column":26}},"line":1}},"f":{"0":0}}
,"C:\\Users\\Lenovo\\Desktop\\сайт\\react\\class-components_27_07\\react\\start_react\\src\\helpers\\checkbox.tsx": {"path":"C:\\Users\\Lenovo\\Desktop\\сайт\\react\\class-components_27_07\\react\\start_react\\src\\helpers\\checkbox.tsx","all":false,"statementMap":{"0":{"start":{"line":1,"column":0},"end":{"line":1,"column":40}},"1":{"start":{"line":2,"column":0},"end":{"line":2,"column":79}},"2":{"start":{"line":3,"column":0},"end":{"line":3,"column":54}},"4":{"start":{"line":5,"column":0},"end":{"line":5,"column":58}},"5":{"start":{"line":6,"column":0},"end":{"line":6,"column":34}},"6":{"start":{"line":7,"column":0},"end":{"line":7,"column":36}},"7":{"start":{"line":8,"column":0},"end":{"line":8,"column":53}},"8":{"start":{"line":9,"column":0},"end":{"line":9,"column":43}},"9":{"start":{"line":10,"column":0},"end":{"line":10,"column":9}},"11":{"start":{"line":12,"column":0},"end":{"line":12,"column":31}},"12":{"start":{"line":13,"column":0},"end":{"line":13,"column":80}},"13":{"start":{"line":14,"column":0},"end":{"line":14,"column":49}},"14":{"start":{"line":15,"column":0},"end":{"line":15,"column":67}},"15":{"start":{"line":16,"column":0},"end":{"line":16,"column":26}},"16":{"start":{"line":17,"column":0},"end":{"line":17,"column":71}},"17":{"start":{"line":18,"column":0},"end":{"line":18,"column":57}},"18":{"start":{"line":19,"column":0},"end":{"line":19,"column":14}},"19":{"start":{"line":20,"column":0},"end":{"line":20,"column":36}},"20":{"start":{"line":21,"column":0},"end":{"line":21,"column":9}},"23":{"start":{"line":24,"column":0},"end":{"line":24,"column":56}},"24":{"start":{"line":25,"column":0},"end":{"line":25,"column":54}},"25":{"start":{"line":26,"column":0},"end":{"line":26,"column":59}},"26":{"start":{"line":27,"column":0},"end":{"line":27,"column":45}},"27":{"start":{"line":28,"column":0},"end":{"line":28,"column":27}},"28":{"start":{"line":29,"column":0},"end":{"line":29,"column":13}},"29":{"start":{"line":30,"column":0},"end":{"line":30,"column":9}},"30":{"start":{"line":31,"column":0},"end":{"line":31,"column":20}},"31":{"start":{"line":32,"column":0},"end":{"line":32,"column":6}},"32":{"start":{"line":33,"column":0},"end":{"line":33,"column":21}},"33":{"start":{"line":34,"column":0},"end":{"line":34,"column":26}},"34":{"start":{"line":35,"column":0},"end":{"line":35,"column":58}},"35":{"start":{"line":36,"column":0},"end":{"line":36,"column":63}},"36":{"start":{"line":37,"column":0},"end":{"line":37,"column":49}},"37":{"start":{"line":38,"column":0},"end":{"line":38,"column":31}},"38":{"start":{"line":39,"column":0},"end":{"line":39,"column":17}},"39":{"start":{"line":40,"column":0},"end":{"line":40,"column":13}},"40":{"start":{"line":41,"column":0},"end":{"line":41,"column":24}},"41":{"start":{"line":42,"column":0},"end":{"line":42,"column":10}},"42":{"start":{"line":43,"column":0},"end":{"line":43,"column":35}},"44":{"start":{"line":45,"column":0},"end":{"line":45,"column":77}},"45":{"start":{"line":46,"column":0},"end":{"line":46,"column":27}},"46":{"start":{"line":47,"column":0},"end":{"line":47,"column":28}},"47":{"start":{"line":48,"column":0},"end":{"line":48,"column":5}},"48":{"start":{"line":49,"column":0},"end":{"line":49,"column":12}},"49":{"start":{"line":50,"column":0},"end":{"line":50,"column":50}},"50":{"start":{"line":51,"column":0},"end":{"line":51,"column":18}},"51":{"start":{"line":52,"column":0},"end":{"line":52,"column":31}},"52":{"start":{"line":53,"column":0},"end":{"line":53,"column":41}},"53":{"start":{"line":54,"column":0},"end":{"line":54,"column":33}},"54":{"start":{"line":55,"column":0},"end":{"line":55,"column":47}},"55":{"start":{"line":56,"column":0},"end":{"line":56,"column":33}},"56":{"start":{"line":57,"column":0},"end":{"line":57,"column":34}},"57":{"start":{"line":58,"column":0},"end":{"line":58,"column":57}},"58":{"start":{"line":59,"column":0},"end":{"line":59,"column":28}},"59":{"start":{"line":60,"column":0},"end":{"line":60,"column":55}},"60":{"start":{"line":61,"column":0},"end":{"line":61,"column":21}},"61":{"start":{"line":62,"column":0},"end":{"line":62,"column":18}},"65":{"start":{"line":66,"column":0},"end":{"line":66,"column":1}}},"s":{"0":1,"1":1,"2":1,"4":1,"5":345,"6":345,"7":345,"8":494,"9":494,"11":345,"12":345,"13":491,"14":491,"15":491,"16":491,"17":4622,"18":4622,"19":491,"20":491,"23":345,"24":92,"25":122,"26":122,"27":3,"28":3,"29":122,"30":89,"31":89,"32":345,"33":93,"34":95,"35":127,"36":127,"37":5,"38":5,"39":127,"40":90,"41":90,"42":345,"44":345,"45":1,"46":1,"47":1,"48":345,"49":345,"50":345,"51":345,"52":345,"53":345,"54":345,"55":345,"56":1,"57":0,"58":1,"59":1,"60":1,"61":1,"65":345},"branchMap":{"0":{"type":"branch","line":5,"loc":{"start":{"line":5,"column":7},"end":{"line":66,"column":1}},"locations":[{"start":{"line":5,"column":7},"end":{"line":66,"column":1}}]},"1":{"type":"branch","line":8,"loc":{"start":{"line":8,"column":8},"end":{"line":10,"column":9}},"locations":[{"start":{"line":8,"column":8},"end":{"line":10,"column":9}}]},"2":{"type":"branch","line":13,"loc":{"start":{"line":13,"column":8},"end":{"line":21,"column":9}},"locations":[{"start":{"line":13,"column":8},"end":{"line":21,"column":9}}]},"3":{"type":"branch","line":17,"loc":{"start":{"line":17,"column":31},"end":{"line":19,"column":14}},"locations":[{"start":{"line":17,"column":31},"end":{"line":19,"column":14}}]},"4":{"type":"branch","line":18,"loc":{"start":{"line":18,"column":48},"end":{"line":18,"column":57}},"locations":[{"start":{"line":18,"column":48},"end":{"line":18,"column":57}}]},"5":{"type":"branch","line":24,"loc":{"start":{"line":24,"column":49},"end":{"line":32,"column":6}},"locations":[{"start":{"line":24,"column":49},"end":{"line":32,"column":6}}]},"6":{"type":"branch","line":25,"loc":{"start":{"line":25,"column":53},"end":{"line":30,"column":9}},"locations":[{"start":{"line":25,"column":53},"end":{"line":30,"column":9}}]},"7":{"type":"branch","line":27,"loc":{"start":{"line":27,"column":44},"end":{"line":29,"column":13}},"locations":[{"start":{"line":27,"column":44},"end":{"line":29,"column":13}}]},"8":{"type":"branch","line":30,"loc":{"start":{"line":30,"column":8},"end":{"line":32,"column":6}},"locations":[{"start":{"line":30,"column":8},"end":{"line":32,"column":6}}]},"9":{"type":"branch","line":33,"loc":{"start":{"line":33,"column":14},"end":{"line":43,"column":7}},"locations":[{"start":{"line":33,"column":14},"end":{"line":43,"column":7}}]},"10":{"type":"branch","line":34,"loc":{"start":{"line":34,"column":19},"end":{"line":42,"column":10}},"locations":[{"start":{"line":34,"column":19},"end":{"line":42,"column":10}}]},"11":{"type":"branch","line":35,"loc":{"start":{"line":35,"column":57},"end":{"line":40,"column":13}},"locations":[{"start":{"line":35,"column":57},"end":{"line":40,"column":13}}]},"12":{"type":"branch","line":37,"loc":{"start":{"line":37,"column":48},"end":{"line":39,"column":17}},"locations":[{"start":{"line":37,"column":48},"end":{"line":39,"column":17}}]},"13":{"type":"branch","line":40,"loc":{"start":{"line":40,"column":12},"end":{"line":42,"column":10}},"locations":[{"start":{"line":40,"column":12},"end":{"line":42,"column":10}}]},"14":{"type":"branch","line":45,"loc":{"start":{"line":45,"column":4},"end":{"line":48,"column":5}},"locations":[{"start":{"line":45,"column":4},"end":{"line":48,"column":5}}]},"15":{"type":"branch","line":55,"loc":{"start":{"line":55,"column":25},"end":{"line":55,"column":47}},"locations":[{"start":{"line":55,"column":25},"end":{"line":55,"column":47}}]},"16":{"type":"branch","line":56,"loc":{"start":{"line":56,"column":26},"end":{"line":62,"column":18}},"locations":[{"start":{"line":56,"column":26},"end":{"line":62,"column":18}}]},"17":{"type":"branch","line":57,"loc":{"start":{"line":57,"column":33},"end":{"line":59,"column":27}},"locations":[{"start":{"line":57,"column":33},"end":{"line":59,"column":27}}]}},"b":{"0":[345],"1":[494],"2":[491],"3":[4622],"4":[482],"5":[92],"6":[122],"7":[3],"8":[89],"9":[93],"10":[95],"11":[127],"12":[5],"13":[90],"14":[1],"15":[1],"16":[1],"17":[0]},"fnMap":{"0":{"name":"CheckBox","decl":{"start":{"line":5,"column":7},"end":{"line":66,"column":1}},"loc":{"start":{"line":5,"column":7},"end":{"line":66,"column":1}},"line":5},"1":{"name":"handleClick","decl":{"start":{"line":45,"column":4},"end":{"line":48,"column":5}},"loc":{"start":{"line":45,"column":4},"end":{"line":48,"column":5}},"line":45},"2":{"name":"onClick","decl":{"start":{"line":50,"column":22},"end":{"line":50,"column":50}},"loc":{"start":{"line":50,"column":22},"end":{"line":50,"column":50}},"line":50},"3":{"name":"onClick","decl":{"start":{"line":55,"column":25},"end":{"line":55,"column":47}},"loc":{"start":{"line":55,"column":25},"end":{"line":55,"column":47}},"line":55},"4":{"name":"onChange","decl":{"start":{"line":56,"column":26},"end":{"line":62,"column":18}},"loc":{"start":{"line":56,"column":26},"end":{"line":62,"column":18}},"line":56}},"f":{"0":345,"1":1,"2":0,"3":1,"4":1}}
,"C:\\Users\\Lenovo\\Desktop\\сайт\\react\\class-components_27_07\\react\\start_react\\src\\helpers\\errorHeandlet.tsx": {"path":"C:\\Users\\Lenovo\\Desktop\\сайт\\react\\class-components_27_07\\react\\start_react\\src\\helpers\\errorHeandlet.tsx","all":false,"statementMap":{"0":{"start":{"line":1,"column":0},"end":{"line":1,"column":40}},"9":{"start":{"line":10,"column":0},"end":{"line":10,"column":68}},"10":{"start":{"line":11,"column":0},"end":{"line":11,"column":27}},"11":{"start":{"line":12,"column":0},"end":{"line":12,"column":24}},"12":{"start":{"line":13,"column":0},"end":{"line":13,"column":5}},"14":{"start":{"line":15,"column":0},"end":{"line":15,"column":53}},"15":{"start":{"line":16,"column":0},"end":{"line":16,"column":33}},"16":{"start":{"line":17,"column":0},"end":{"line":17,"column":5}},"18":{"start":{"line":19,"column":0},"end":{"line":19,"column":32}},"19":{"start":{"line":20,"column":0},"end":{"line":20,"column":33}},"20":{"start":{"line":21,"column":0},"end":{"line":21,"column":5}},"22":{"start":{"line":23,"column":0},"end":{"line":23,"column":21}},"23":{"start":{"line":24,"column":0},"end":{"line":24,"column":34}},"24":{"start":{"line":25,"column":0},"end":{"line":25,"column":20}},"25":{"start":{"line":26,"column":0},"end":{"line":26,"column":47}},"30":{"start":{"line":31,"column":0},"end":{"line":31,"column":9}},"31":{"start":{"line":32,"column":0},"end":{"line":32,"column":34}},"32":{"start":{"line":33,"column":0},"end":{"line":33,"column":5}},"33":{"start":{"line":34,"column":0},"end":{"line":34,"column":1}}},"s":{"0":1,"9":1,"10":1,"11":1,"12":1,"14":1,"15":6,"16":6,"18":1,"19":2,"20":2,"22":1,"23":31,"24":6,"25":6,"30":6,"31":25,"32":25,"33":1},"branchMap":{"0":{"type":"branch","line":15,"loc":{"start":{"line":15,"column":18},"end":{"line":17,"column":5}},"locations":[{"start":{"line":15,"column":18},"end":{"line":17,"column":5}}]},"1":{"type":"branch","line":19,"loc":{"start":{"line":19,"column":11},"end":{"line":21,"column":5}},"locations":[{"start":{"line":19,"column":11},"end":{"line":21,"column":5}}]},"2":{"type":"branch","line":23,"loc":{"start":{"line":23,"column":11},"end":{"line":33,"column":5}},"locations":[{"start":{"line":23,"column":11},"end":{"line":33,"column":5}}]},"3":{"type":"branch","line":24,"loc":{"start":{"line":24,"column":33},"end":{"line":33,"column":5}},"locations":[{"start":{"line":24,"column":33},"end":{"line":33,"column":5}}]},"4":{"type":"branch","line":24,"loc":{"start":{"line":24,"column":33},"end":{"line":31,"column":9}},"locations":[{"start":{"line":24,"column":33},"end":{"line":31,"column":9}}]},"5":{"type":"branch","line":31,"loc":{"start":{"line":31,"column":8},"end":{"line":33,"column":5}},"locations":[{"start":{"line":31,"column":8},"end":{"line":33,"column":5}}]}},"b":{"0":[6],"1":[2],"2":[31],"3":[27],"4":[6],"5":[25]},"fnMap":{"0":{"name":"getDerivedStateFromError","decl":{"start":{"line":15,"column":18},"end":{"line":17,"column":5}},"loc":{"start":{"line":15,"column":18},"end":{"line":17,"column":5}},"line":15},"1":{"name":"componentDidCatch","decl":{"start":{"line":19,"column":11},"end":{"line":21,"column":5}},"loc":{"start":{"line":19,"column":11},"end":{"line":21,"column":5}},"line":19},"2":{"name":"render","decl":{"start":{"line":23,"column":11},"end":{"line":33,"column":5}},"loc":{"start":{"line":23,"column":11},"end":{"line":33,"column":5}},"line":23}},"f":{"0":6,"1":2,"2":31}}
,"C:\\Users\\Lenovo\\Desktop\\сайт\\react\\class-components_27_07\\react\\start_react\\src\\helpers\\fileSaver.ts": {"path":"C:\\Users\\Lenovo\\Desktop\\сайт\\react\\class-components_27_07\\react\\start_react\\src\\helpers\\fileSaver.ts","all":false,"statementMap":{"1":{"start":{"line":2,"column":0},"end":{"line":2,"column":78}},"2":{"start":{"line":3,"column":0},"end":{"line":3,"column":51}},"3":{"start":{"line":4,"column":0},"end":{"line":4,"column":39}},"4":{"start":{"line":5,"column":0},"end":{"line":5,"column":23}},"5":{"start":{"line":6,"column":0},"end":{"line":6,"column":43}},"6":{"start":{"line":7,"column":0},"end":{"line":7,"column":44}},"7":{"start":{"line":8,"column":0},"end":{"line":8,"column":17}},"8":{"start":{"line":9,"column":0},"end":{"line":9,"column":18}},"9":{"start":{"line":10,"column":0},"end":{"line":10,"column":21}},"10":{"start":{"line":11,"column":0},"end":{"line":11,"column":4}},"11":{"start":{"line":12,"column":0},"end":{"line":12,"column":27}},"12":{"start":{"line":13,"column":0},"end":{"line":13,"column":12}},"13":{"start":{"line":14,"column":0},"end":{"line":14,"column":2}},"15":{"start":{"line":16,"column":0},"end":{"line":16,"column":105}},"16":{"start":{"line":17,"column":0},"end":{"line":17,"column":55}},"17":{"start":{"line":18,"column":0},"end":{"line":18,"column":19}},"18":{"start":{"line":19,"column":0},"end":{"line":19,"column":44}},"19":{"start":{"line":20,"column":0},"end":{"line":20,"column":97}},"20":{"start":{"line":21,"column":0},"end":{"line":21,"column":3}},"22":{"start":{"line":23,"column":0},"end":{"line":23,"column":15}},"23":{"start":{"line":24,"column":0},"end":{"line":24,"column":36}},"24":{"start":{"line":25,"column":0},"end":{"line":25,"column":43}},"25":{"start":{"line":26,"column":0},"end":{"line":26,"column":15}},"27":{"start":{"line":28,"column":0},"end":{"line":28,"column":1}}},"s":{"1":1,"2":0,"3":0,"4":0,"5":0,"6":0,"7":0,"8":0,"9":0,"10":0,"11":0,"12":0,"13":0,"15":1,"16":0,"17":0,"18":0,"19":0,"20":0,"22":0,"23":0,"24":0,"25":0,"27":0},"branchMap":{},"b":{},"fnMap":{"0":{"name":"downloadFile","decl":{"start":{"line":2,"column":21},"end":{"line":14,"column":2}},"loc":{"start":{"line":2,"column":21},"end":{"line":14,"column":2}},"line":2},"1":{"name":"exportToCsv","decl":{"start":{"line":16,"column":27},"end":{"line":28,"column":1}},"loc":{"start":{"line":16,"column":27},"end":{"line":28,"column":1}},"line":16}},"f":{"0":0,"1":0}}
,"C:\\Users\\Lenovo\\Desktop\\сайт\\react\\class-components_27_07\\react\\start_react\\src\\helpers\\loadingOpenClose.tsx": {"path":"C:\\Users\\Lenovo\\Desktop\\сайт\\react\\class-components_27_07\\react\\start_react\\src\\helpers\\loadingOpenClose.tsx","all":false,"statementMap":{"0":{"start":{"line":1,"column":0},"end":{"line":1,"column":54}},"2":{"start":{"line":3,"column":0},"end":{"line":3,"column":53}},"3":{"start":{"line":4,"column":0},"end":{"line":4,"column":20}},"4":{"start":{"line":5,"column":0},"end":{"line":5,"column":10}},"6":{"start":{"line":7,"column":0},"end":{"line":7,"column":33}},"7":{"start":{"line":8,"column":0},"end":{"line":8,"column":62}},"10":{"start":{"line":11,"column":0},"end":{"line":11,"column":1}}},"s":{"0":1,"2":1,"3":62,"4":32,"6":62,"7":62,"10":62},"branchMap":{"0":{"type":"branch","line":3,"loc":{"start":{"line":3,"column":32},"end":{"line":11,"column":1}},"locations":[{"start":{"line":3,"column":32},"end":{"line":11,"column":1}}]},"1":{"type":"branch","line":4,"loc":{"start":{"line":4,"column":11},"end":{"line":5,"column":10}},"locations":[{"start":{"line":4,"column":11},"end":{"line":5,"column":10}}]}},"b":{"0":[62],"1":[32]},"fnMap":{"0":{"name":"LoadingOpenClose","decl":{"start":{"line":3,"column":32},"end":{"line":11,"column":1}},"loc":{"start":{"line":3,"column":32},"end":{"line":11,"column":1}},"line":3}},"f":{"0":62}}
,"C:\\Users\\Lenovo\\Desktop\\сайт\\react\\class-components_27_07\\react\\start_react\\src\\helpers\\themeChanger.tsx": {"path":"C:\\Users\\Lenovo\\Desktop\\сайт\\react\\class-components_27_07\\react\\start_react\\src\\helpers\\themeChanger.tsx","all":false,"statementMap":{"0":{"start":{"line":1,"column":0},"end":{"line":1,"column":58}},"2":{"start":{"line":3,"column":0},"end":{"line":3,"column":24}},"3":{"start":{"line":4,"column":0},"end":{"line":4,"column":31}},"5":{"start":{"line":6,"column":0},"end":{"line":6,"column":73}},"6":{"start":{"line":7,"column":0},"end":{"line":7,"column":63}},"7":{"start":{"line":8,"column":0},"end":{"line":8,"column":53}},"8":{"start":{"line":9,"column":0},"end":{"line":9,"column":34}},"9":{"start":{"line":10,"column":0},"end":{"line":10,"column":32}},"10":{"start":{"line":11,"column":0},"end":{"line":11,"column":5}},"11":{"start":{"line":12,"column":0},"end":{"line":12,"column":12}},"12":{"start":{"line":13,"column":0},"end":{"line":13,"column":13}},"13":{"start":{"line":14,"column":0},"end":{"line":14,"column":74}},"14":{"start":{"line":15,"column":0},"end":{"line":15,"column":32}},"18":{"start":{"line":19,"column":0},"end":{"line":19,"column":1}}},"s":{"0":1,"2":1,"3":1,"5":1,"6":1,"7":27,"8":27,"9":1,"10":1,"11":27,"12":27,"13":27,"14":27,"18":27},"branchMap":{"0":{"type":"branch","line":7,"loc":{"start":{"line":7,"column":7},"end":{"line":19,"column":1}},"locations":[{"start":{"line":7,"column":7},"end":{"line":19,"column":1}}]},"1":{"type":"branch","line":9,"loc":{"start":{"line":9,"column":27},"end":{"line":11,"column":5}},"locations":[{"start":{"line":9,"column":27},"end":{"line":11,"column":5}}]}},"b":{"0":[27],"1":[1]},"fnMap":{"0":{"name":"toggleDarkMode","decl":{"start":{"line":4,"column":23},"end":{"line":4,"column":31}},"loc":{"start":{"line":4,"column":23},"end":{"line":4,"column":31}},"line":4},"1":{"name":"ThemeProvider","decl":{"start":{"line":7,"column":7},"end":{"line":19,"column":1}},"loc":{"start":{"line":7,"column":7},"end":{"line":19,"column":1}},"line":7},"2":{"name":"toggleDarkMode","decl":{"start":{"line":9,"column":27},"end":{"line":11,"column":5}},"loc":{"start":{"line":9,"column":27},"end":{"line":11,"column":5}},"line":9}},"f":{"0":0,"1":27,"2":1}}
,"C:\\Users\\Lenovo\\Desktop\\сайт\\react\\class-components_27_07\\react\\start_react\\src\\helpers\\useLS.ts": {"path":"C:\\Users\\Lenovo\\Desktop\\сайт\\react\\class-components_27_07\\react\\start_react\\src\\helpers\\useLS.ts","all":false,"statementMap":{"0":{"start":{"line":1,"column":0},"end":{"line":1,"column":44}},"2":{"start":{"line":3,"column":0},"end":{"line":3,"column":59}},"3":{"start":{"line":4,"column":0},"end":{"line":4,"column":42}},"4":{"start":{"line":5,"column":0},"end":{"line":5,"column":13}},"5":{"start":{"line":6,"column":0},"end":{"line":6,"column":16}},"6":{"start":{"line":7,"column":0},"end":{"line":7,"column":2}},"7":{"start":{"line":8,"column":0},"end":{"line":8,"column":21}},"8":{"start":{"line":9,"column":0},"end":{"line":9,"column":1}},"10":{"start":{"line":11,"column":0},"end":{"line":11,"column":127}},"11":{"start":{"line":12,"column":0},"end":{"line":12,"column":44}},"12":{"start":{"line":13,"column":0},"end":{"line":13,"column":46}},"13":{"start":{"line":14,"column":0},"end":{"line":14,"column":5}},"15":{"start":{"line":16,"column":0},"end":{"line":16,"column":19}},"16":{"start":{"line":17,"column":0},"end":{"line":17,"column":37}},"17":{"start":{"line":18,"column":0},"end":{"line":18,"column":19}},"19":{"start":{"line":20,"column":0},"end":{"line":20,"column":27}},"20":{"start":{"line":21,"column":0},"end":{"line":21,"column":2}}},"s":{"0":1,"2":34,"3":34,"4":34,"5":12,"6":12,"7":22,"8":22,"10":1,"11":124,"12":34,"13":34,"15":124,"16":37,"17":124,"19":124,"20":124},"branchMap":{"0":{"type":"branch","line":3,"loc":{"start":{"line":3,"column":0},"end":{"line":9,"column":1}},"locations":[{"start":{"line":3,"column":0},"end":{"line":9,"column":1}}]},"1":{"type":"branch","line":5,"loc":{"start":{"line":5,"column":12},"end":{"line":7,"column":2}},"locations":[{"start":{"line":5,"column":12},"end":{"line":7,"column":2}}]},"2":{"type":"branch","line":7,"loc":{"start":{"line":7,"column":1},"end":{"line":9,"column":1}},"locations":[{"start":{"line":7,"column":1},"end":{"line":9,"column":1}}]},"3":{"type":"branch","line":11,"loc":{"start":{"line":11,"column":31},"end":{"line":21,"column":2}},"locations":[{"start":{"line":11,"column":31},"end":{"line":21,"column":2}}]},"4":{"type":"branch","line":12,"loc":{"start":{"line":12,"column":37},"end":{"line":14,"column":5}},"locations":[{"start":{"line":12,"column":37},"end":{"line":14,"column":5}}]},"5":{"type":"branch","line":16,"loc":{"start":{"line":16,"column":12},"end":{"line":18,"column":5}},"locations":[{"start":{"line":16,"column":12},"end":{"line":18,"column":5}}]}},"b":{"0":[34],"1":[12],"2":[22],"3":[124],"4":[34],"5":[37]},"fnMap":{"0":{"name":"getStorageValue","decl":{"start":{"line":3,"column":0},"end":{"line":9,"column":1}},"loc":{"start":{"line":3,"column":0},"end":{"line":9,"column":1}},"line":3},"1":{"name":"useLocalStorage","decl":{"start":{"line":11,"column":31},"end":{"line":21,"column":2}},"loc":{"start":{"line":11,"column":31},"end":{"line":21,"column":2}},"line":11}},"f":{"0":34,"1":124}}
,"C:\\Users\\Lenovo\\Desktop\\сайт\\react\\class-components_27_07\\react\\start_react\\src\\interfaces\\resSliceAPI.ts": {"path":"C:\\Users\\Lenovo\\Desktop\\сайт\\react\\class-components_27_07\\react\\start_react\\src\\interfaces\\resSliceAPI.ts","all":true,"statementMap":{"14":{"start":{"line":15,"column":0},"end":{"line":15,"column":1}}},"s":{"14":0},"branchMap":{"0":{"type":"branch","line":1,"loc":{"start":{"line":1,"column":294},"end":{"line":15,"column":1}},"locations":[{"start":{"line":1,"column":294},"end":{"line":15,"column":1}}]}},"b":{"0":[1]},"fnMap":{"0":{"name":"(empty-report)","decl":{"start":{"line":1,"column":294},"end":{"line":15,"column":1}},"loc":{"start":{"line":1,"column":294},"end":{"line":15,"column":1}},"line":1}},"f":{"0":1}}
,"C:\\Users\\Lenovo\\Desktop\\сайт\\react\\class-components_27_07\\react\\start_react\\src\\interfaces\\todoInterface.ts": {"path":"C:\\Users\\Lenovo\\Desktop\\сайт\\react\\class-components_27_07\\react\\start_react\\src\\interfaces\\todoInterface.ts","all":true,"statementMap":{"8":{"start":{"line":9,"column":0},"end":{"line":9,"column":1}}},"s":{"8":0},"branchMap":{"0":{"type":"branch","line":1,"loc":{"start":{"line":1,"column":169},"end":{"line":9,"column":1}},"locations":[{"start":{"line":1,"column":169},"end":{"line":9,"column":1}}]}},"b":{"0":[1]},"fnMap":{"0":{"name":"(empty-report)","decl":{"start":{"line":1,"column":169},"end":{"line":9,"column":1}},"loc":{"start":{"line":1,"column":169},"end":{"line":9,"column":1}},"line":1}},"f":{"0":1}}
,"C:\\Users\\Lenovo\\Desktop\\сайт\\react\\class-components_27_07\\react\\start_react\\src\\tookitRedux\\index.ts": {"path":"C:\\Users\\Lenovo\\Desktop\\сайт\\react\\class-components_27_07\\react\\start_react\\src\\tookitRedux\\index.ts","all":false,"statementMap":{"0":{"start":{"line":1,"column":0},"end":{"line":1,"column":66}},"1":{"start":{"line":2,"column":0},"end":{"line":2,"column":44}},"2":{"start":{"line":3,"column":0},"end":{"line":3,"column":50}},"4":{"start":{"line":5,"column":0},"end":{"line":5,"column":37}},"5":{"start":{"line":6,"column":0},"end":{"line":6,"column":27}},"6":{"start":{"line":7,"column":0},"end":{"line":7,"column":45}},"7":{"start":{"line":8,"column":0},"end":{"line":8,"column":2}},"9":{"start":{"line":10,"column":0},"end":{"line":10,"column":37}},"10":{"start":{"line":11,"column":0},"end":{"line":11,"column":24}},"11":{"start":{"line":12,"column":0},"end":{"line":12,"column":42}},"12":{"start":{"line":13,"column":0},"end":{"line":13,"column":67}},"13":{"start":{"line":14,"column":0},"end":{"line":14,"column":2}}},"s":{"0":1,"1":1,"2":1,"4":1,"5":1,"6":1,"7":1,"9":1,"10":1,"11":1,"12":4,"13":1},"branchMap":{"0":{"type":"branch","line":12,"loc":{"start":{"line":12,"column":16},"end":{"line":13,"column":67}},"locations":[{"start":{"line":12,"column":16},"end":{"line":13,"column":67}}]}},"b":{"0":[4]},"fnMap":{"0":{"name":"middleware","decl":{"start":{"line":12,"column":16},"end":{"line":13,"column":67}},"loc":{"start":{"line":12,"column":16},"end":{"line":13,"column":67}},"line":12}},"f":{"0":4}}
,"C:\\Users\\Lenovo\\Desktop\\сайт\\react\\class-components_27_07\\react\\start_react\\src\\tookitRedux\\toolKitSlice.ts": {"path":"C:\\Users\\Lenovo\\Desktop\\сайт\\react\\class-components_27_07\\react\\start_react\\src\\tookitRedux\\toolKitSlice.ts","all":false,"statementMap":{"0":{"start":{"line":1,"column":0},"end":{"line":1,"column":47}},"7":{"start":{"line":8,"column":0},"end":{"line":8,"column":29}},"8":{"start":{"line":9,"column":0},"end":{"line":9,"column":20}},"9":{"start":{"line":10,"column":0},"end":{"line":10,"column":19}},"10":{"start":{"line":11,"column":0},"end":{"line":11,"column":17}},"11":{"start":{"line":12,"column":0},"end":{"line":12,"column":26}},"12":{"start":{"line":13,"column":0},"end":{"line":13,"column":33}},"13":{"start":{"line":14,"column":0},"end":{"line":14,"column":19}},"14":{"start":{"line":15,"column":0},"end":{"line":15,"column":6}},"15":{"start":{"line":16,"column":0},"end":{"line":16,"column":14}},"16":{"start":{"line":17,"column":0},"end":{"line":17,"column":40}},"17":{"start":{"line":18,"column":0},"end":{"line":18,"column":96}},"18":{"start":{"line":19,"column":0},"end":{"line":19,"column":83}},"19":{"start":{"line":20,"column":0},"end":{"line":20,"column":10}},"20":{"start":{"line":21,"column":0},"end":{"line":21,"column":36}},"21":{"start":{"line":22,"column":0},"end":{"line":22,"column":43}},"22":{"start":{"line":23,"column":0},"end":{"line":23,"column":10}},"23":{"start":{"line":24,"column":0},"end":{"line":24,"column":38}},"24":{"start":{"line":25,"column":0},"end":{"line":25,"column":39}},"25":{"start":{"line":26,"column":0},"end":{"line":26,"column":39}},"26":{"start":{"line":27,"column":0},"end":{"line":27,"column":10}},"27":{"start":{"line":28,"column":0},"end":{"line":28,"column":39}},"28":{"start":{"line":29,"column":0},"end":{"line":29,"column":97}},"29":{"start":{"line":30,"column":0},"end":{"line":30,"column":10}},"30":{"start":{"line":31,"column":0},"end":{"line":31,"column":28}},"31":{"start":{"line":32,"column":0},"end":{"line":32,"column":44}},"32":{"start":{"line":33,"column":0},"end":{"line":33,"column":10}},"33":{"start":{"line":34,"column":0},"end":{"line":34,"column":5}},"34":{"start":{"line":35,"column":0},"end":{"line":35,"column":2}},"36":{"start":{"line":37,"column":0},"end":{"line":37,"column":30}},"37":{"start":{"line":38,"column":0},"end":{"line":38,"column":97}}},"s":{"0":1,"7":1,"8":1,"9":1,"10":1,"11":1,"12":1,"13":1,"14":1,"15":1,"16":1,"17":7,"18":7,"19":7,"20":1,"21":7,"22":7,"23":1,"24":1,"25":1,"26":1,"27":1,"28":0,"29":0,"30":1,"31":0,"32":0,"33":1,"34":1,"36":1,"37":1},"branchMap":{"0":{"type":"branch","line":17,"loc":{"start":{"line":17,"column":8},"end":{"line":20,"column":10}},"locations":[{"start":{"line":17,"column":8},"end":{"line":20,"column":10}}]},"1":{"type":"branch","line":19,"loc":{"start":{"line":19,"column":39},"end":{"line":19,"column":83}},"locations":[{"start":{"line":19,"column":39},"end":{"line":19,"column":83}}]},"2":{"type":"branch","line":21,"loc":{"start":{"line":21,"column":8},"end":{"line":23,"column":10}},"locations":[{"start":{"line":21,"column":8},"end":{"line":23,"column":10}}]},"3":{"type":"branch","line":24,"loc":{"start":{"line":24,"column":8},"end":{"line":27,"column":10}},"locations":[{"start":{"line":24,"column":8},"end":{"line":27,"column":10}}]}},"b":{"0":[7],"1":[3],"2":[7],"3":[1]},"fnMap":{"0":{"name":"addPage","decl":{"start":{"line":17,"column":8},"end":{"line":20,"column":10}},"loc":{"start":{"line":17,"column":8},"end":{"line":20,"column":10}},"line":17},"1":{"name":"setCurPage","decl":{"start":{"line":21,"column":8},"end":{"line":23,"column":10}},"loc":{"start":{"line":21,"column":8},"end":{"line":23,"column":10}},"line":21},"2":{"name":"selectElement","decl":{"start":{"line":24,"column":8},"end":{"line":27,"column":10}},"loc":{"start":{"line":24,"column":8},"end":{"line":27,"column":10}},"line":24},"3":{"name":"deSelectElement","decl":{"start":{"line":28,"column":8},"end":{"line":30,"column":10}},"loc":{"start":{"line":28,"column":8},"end":{"line":30,"column":10}},"line":28},"4":{"name":"deselectAll","decl":{"start":{"line":31,"column":8},"end":{"line":33,"column":10}},"loc":{"start":{"line":31,"column":8},"end":{"line":33,"column":10}},"line":31}},"f":{"0":7,"1":7,"2":1,"3":0,"4":0}}
}
